This is pdfTeX, Version 3.141592653-2.6-1.40.28 (MiKTeX 25.12) (preloaded format=pdflatex.fmt)
 restricted \write18 enabled.
entering extended mode
(main.tex
LaTeX2e <2025-11-01>
L3 programming layer <2025-12-24>
(C:\Users\PMLS\AppData\Local\Programs\MiKTeX\tex/latex/base\report.cls
Document Class: report 2025/01/22 v1.4n Standard LaTeX document class
(C:\Users\PMLS\AppData\Local\Programs\MiKTeX\tex/latex/base\size12.clo))
(C:\Users\PMLS\AppData\Local\Programs\MiKTeX\tex/latex/geometry\geometry.sty
(C:\Users\PMLS\AppData\Local\Programs\MiKTeX\tex/latex/graphics\keyval.sty)
(C:\Users\PMLS\AppData\Local\Programs\MiKTeX\tex/generic/iftex\ifvtex.sty
(C:\Users\PMLS\AppData\Local\Programs\MiKTeX\tex/generic/iftex\iftex.sty))
(C:\Users\PMLS\AppData\Local\Programs\MiKTeX\tex/latex/geometry\geometry.cfg))
(C:\Users\PMLS\AppData\Local\Programs\MiKTeX\tex/latex/fancyhdr\fancyhdr.sty)
(C:\Users\PMLS\AppData\Local\Programs\MiKTeX\tex/latex/tools\tabularx.sty
(C:\Users\PMLS\AppData\Local\Programs\MiKTeX\tex/latex/tools\array.sty))
(C:\Users\PMLS\AppData\Local\Programs\MiKTeX\tex/latex/enumitem\enumitem.sty)
(C:\Users\PMLS\AppData\Local\Programs\MiKTeX\tex/latex/tocloft\tocloft.sty)
(C:\Users\PMLS\AppData\Local\Programs\MiKTeX\tex/latex/booktabs\booktabs.sty)
(C:\Users\PMLS\AppData\Local\Programs\MiKTeX\tex/latex/ragged2e\ragged2e.sty)
(C:\Users\PMLS\AppData\Local\Programs\MiKTeX\tex/latex/hyperref\hyperref.sty
(C:\Users\PMLS\AppData\Local\Programs\MiKTeX\tex/latex/kvsetkeys\kvsetkeys.sty)

(C:\Users\PMLS\AppData\Local\Programs\MiKTeX\tex/generic/kvdefinekeys\kvdefinek
eys.sty)
(C:\Users\PMLS\AppData\Local\Programs\MiKTeX\tex/generic/pdfescape\pdfescape.st
y (C:\Users\PMLS\AppData\Local\Programs\MiKTeX\tex/generic/ltxcmds\ltxcmds.sty)

(C:\Users\PMLS\AppData\Local\Programs\MiKTeX\tex/generic/pdftexcmds\pdftexcmds.
sty
(C:\Users\PMLS\AppData\Local\Programs\MiKTeX\tex/generic/infwarerr\infwarerr.st
y))) (C:\Users\PMLS\AppData\Local\Programs\MiKTeX\tex/latex/hycolor\hycolor.sty
) (C:\Users\PMLS\AppData\Local\Programs\MiKTeX\tex/latex/hyperref\nameref.sty
(C:\Users\PMLS\AppData\Local\Programs\MiKTeX\tex/latex/refcount\refcount.sty)
(C:\Users\PMLS\AppData\Local\Programs\MiKTeX\tex/generic/gettitlestring\gettitl
estring.sty
(C:\Users\PMLS\AppData\Local\Programs\MiKTeX\tex/latex/kvoptions\kvoptions.sty)
)) (C:\Users\PMLS\AppData\Local\Programs\MiKTeX\tex/latex/etoolbox\etoolbox.sty
)
(C:\Users\PMLS\AppData\Local\Programs\MiKTeX\tex/generic/stringenc\stringenc.st
y) (C:\Users\PMLS\AppData\Local\Programs\MiKTeX\tex/latex/hyperref\pd1enc.def)
(C:\Users\PMLS\AppData\Local\Programs\MiKTeX\tex/generic/intcalc\intcalc.sty)
(C:\Users\PMLS\AppData\Local\Programs\MiKTeX\tex/latex/hyperref\puenc.def)
(C:\Users\PMLS\AppData\Local\Programs\MiKTeX\tex/latex/url\url.sty)
(C:\Users\PMLS\AppData\Local\Programs\MiKTeX\tex/generic/bitset\bitset.sty
(C:\Users\PMLS\AppData\Local\Programs\MiKTeX\tex/generic/bigintcalc\bigintcalc.
sty)))
(C:\Users\PMLS\AppData\Local\Programs\MiKTeX\tex/latex/hyperref\hpdftex.def
(C:\Users\PMLS\AppData\Local\Programs\MiKTeX\tex/latex/rerunfilecheck\rerunfile
check.sty
(C:\Users\PMLS\AppData\Local\Programs\MiKTeX\tex/generic/uniquecounter\uniqueco
unter.sty)))
(C:\Users\PMLS\AppData\Local\Programs\MiKTeX\tex/latex/pgf/frontendlayer\tikz.s
ty
(C:\Users\PMLS\AppData\Local\Programs\MiKTeX\tex/latex/pgf/basiclayer\pgf.sty
(C:\Users\PMLS\AppData\Local\Programs\MiKTeX\tex/latex/pgf/utilities\pgfrcs.sty

(C:\Users\PMLS\AppData\Local\Programs\MiKTeX\tex/generic/pgf/utilities\pgfutil-
common.tex)
(C:\Users\PMLS\AppData\Local\Programs\MiKTeX\tex/generic/pgf/utilities\pgfutil-
latex.def)
(C:\Users\PMLS\AppData\Local\Programs\MiKTeX\tex/generic/pgf/utilities\pgfrcs.c
ode.tex
(C:\Users\PMLS\AppData\Local\Programs\MiKTeX\tex/generic/pgf\pgf.revision.tex))
)
(C:\Users\PMLS\AppData\Local\Programs\MiKTeX\tex/latex/pgf/basiclayer\pgfcore.s
ty (C:\Users\PMLS\AppData\Local\Programs\MiKTeX\tex/latex/graphics\graphicx.sty
(C:\Users\PMLS\AppData\Local\Programs\MiKTeX\tex/latex/graphics\graphics.sty
(C:\Users\PMLS\AppData\Local\Programs\MiKTeX\tex/latex/graphics\trig.sty)
(C:\Users\PMLS\AppData\Local\Programs\MiKTeX\tex/latex/graphics-cfg\graphics.cf
g)
(C:\Users\PMLS\AppData\Local\Programs\MiKTeX\tex/latex/graphics-def\pdftex.def)
))
(C:\Users\PMLS\AppData\Local\Programs\MiKTeX\tex/latex/pgf/systemlayer\pgfsys.s
ty
(C:\Users\PMLS\AppData\Local\Programs\MiKTeX\tex/generic/pgf/systemlayer\pgfsys
.code.tex
(C:\Users\PMLS\AppData\Local\Programs\MiKTeX\tex/generic/pgf/utilities\pgfkeys.
code.tex
(C:\Users\PMLS\AppData\Local\Programs\MiKTeX\tex/generic/pgf/utilities\pgfkeysl
ibraryfiltered.code.tex))
(C:\Users\PMLS\AppData\Local\Programs\MiKTeX\tex/generic/pgf/systemlayer\pgf.cf
g)
(C:\Users\PMLS\AppData\Local\Programs\MiKTeX\tex/generic/pgf/systemlayer\pgfsys
-pdftex.def
(C:\Users\PMLS\AppData\Local\Programs\MiKTeX\tex/generic/pgf/systemlayer\pgfsys
-common-pdf.def)))
(C:\Users\PMLS\AppData\Local\Programs\MiKTeX\tex/generic/pgf/systemlayer\pgfsys
softpath.code.tex)
(C:\Users\PMLS\AppData\Local\Programs\MiKTeX\tex/generic/pgf/systemlayer\pgfsys
protocol.code.tex))
(C:\Users\PMLS\AppData\Local\Programs\MiKTeX\tex/latex/xcolor\xcolor.sty
(C:\Users\PMLS\AppData\Local\Programs\MiKTeX\tex/latex/graphics-cfg\color.cfg)
(C:\Users\PMLS\AppData\Local\Programs\MiKTeX\tex/latex/graphics\mathcolor.ltx))

(C:\Users\PMLS\AppData\Local\Programs\MiKTeX\tex/generic/pgf/basiclayer\pgfcore
.code.tex
(C:\Users\PMLS\AppData\Local\Programs\MiKTeX\tex/generic/pgf/math\pgfmath.code.
tex
(C:\Users\PMLS\AppData\Local\Programs\MiKTeX\tex/generic/pgf/math\pgfmathutil.c
ode.tex)
(C:\Users\PMLS\AppData\Local\Programs\MiKTeX\tex/generic/pgf/math\pgfmathparser
.code.tex)
(C:\Users\PMLS\AppData\Local\Programs\MiKTeX\tex/generic/pgf/math\pgfmathfuncti
ons.code.tex)
(C:\Users\PMLS\AppData\Local\Programs\MiKTeX\tex/generic/pgf/math\pgfmathfuncti
ons.basic.code.tex)
(C:\Users\PMLS\AppData\Local\Programs\MiKTeX\tex/generic/pgf/math\pgfmathfuncti
ons.trigonometric.code.tex)
(C:\Users\PMLS\AppData\Local\Programs\MiKTeX\tex/generic/pgf/math\pgfmathfuncti
ons.random.code.tex)
(C:\Users\PMLS\AppData\Local\Programs\MiKTeX\tex/generic/pgf/math\pgfmathfuncti
ons.comparison.code.tex)
(C:\Users\PMLS\AppData\Local\Programs\MiKTeX\tex/generic/pgf/math\pgfmathfuncti
ons.base.code.tex)
(C:\Users\PMLS\AppData\Local\Programs\MiKTeX\tex/generic/pgf/math\pgfmathfuncti
ons.round.code.tex)
(C:\Users\PMLS\AppData\Local\Programs\MiKTeX\tex/generic/pgf/math\pgfmathfuncti
ons.misc.code.tex)
(C:\Users\PMLS\AppData\Local\Programs\MiKTeX\tex/generic/pgf/math\pgfmathfuncti
ons.integerarithmetics.code.tex)
(C:\Users\PMLS\AppData\Local\Programs\MiKTeX\tex/generic/pgf/math\pgfmathcalc.c
ode.tex)
(C:\Users\PMLS\AppData\Local\Programs\MiKTeX\tex/generic/pgf/math\pgfmathfloat.
code.tex))
(C:\Users\PMLS\AppData\Local\Programs\MiKTeX\tex/generic/pgf/math\pgfint.code.t
ex)
(C:\Users\PMLS\AppData\Local\Programs\MiKTeX\tex/generic/pgf/basiclayer\pgfcore
points.code.tex)
(C:\Users\PMLS\AppData\Local\Programs\MiKTeX\tex/generic/pgf/basiclayer\pgfcore
pathconstruct.code.tex)
(C:\Users\PMLS\AppData\Local\Programs\MiKTeX\tex/generic/pgf/basiclayer\pgfcore
pathusage.code.tex)
(C:\Users\PMLS\AppData\Local\Programs\MiKTeX\tex/generic/pgf/basiclayer\pgfcore
scopes.code.tex)
(C:\Users\PMLS\AppData\Local\Programs\MiKTeX\tex/generic/pgf/basiclayer\pgfcore
graphicstate.code.tex)
(C:\Users\PMLS\AppData\Local\Programs\MiKTeX\tex/generic/pgf/basiclayer\pgfcore
transformations.code.tex)
(C:\Users\PMLS\AppData\Local\Programs\MiKTeX\tex/generic/pgf/basiclayer\pgfcore
quick.code.tex)
(C:\Users\PMLS\AppData\Local\Programs\MiKTeX\tex/generic/pgf/basiclayer\pgfcore
objects.code.tex)
(C:\Users\PMLS\AppData\Local\Programs\MiKTeX\tex/generic/pgf/basiclayer\pgfcore
pathprocessing.code.tex)
(C:\Users\PMLS\AppData\Local\Programs\MiKTeX\tex/generic/pgf/basiclayer\pgfcore
arrows.code.tex)
(C:\Users\PMLS\AppData\Local\Programs\MiKTeX\tex/generic/pgf/basiclayer\pgfcore
shade.code.tex)
(C:\Users\PMLS\AppData\Local\Programs\MiKTeX\tex/generic/pgf/basiclayer\pgfcore
image.code.tex)
(C:\Users\PMLS\AppData\Local\Programs\MiKTeX\tex/generic/pgf/basiclayer\pgfcore
external.code.tex)
(C:\Users\PMLS\AppData\Local\Programs\MiKTeX\tex/generic/pgf/basiclayer\pgfcore
layers.code.tex)
(C:\Users\PMLS\AppData\Local\Programs\MiKTeX\tex/generic/pgf/basiclayer\pgfcore
transparency.code.tex)
(C:\Users\PMLS\AppData\Local\Programs\MiKTeX\tex/generic/pgf/basiclayer\pgfcore
patterns.code.tex)
(C:\Users\PMLS\AppData\Local\Programs\MiKTeX\tex/generic/pgf/basiclayer\pgfcore
rdf.code.tex)))
(C:\Users\PMLS\AppData\Local\Programs\MiKTeX\tex/generic/pgf/modules\pgfmodules
hapes.code.tex)
(C:\Users\PMLS\AppData\Local\Programs\MiKTeX\tex/generic/pgf/modules\pgfmodulep
lot.code.tex)
(C:\Users\PMLS\AppData\Local\Programs\MiKTeX\tex/latex/pgf/compatibility\pgfcom
p-version-0-65.sty)
(C:\Users\PMLS\AppData\Local\Programs\MiKTeX\tex/latex/pgf/compatibility\pgfcom
p-version-1-18.sty))
(C:\Users\PMLS\AppData\Local\Programs\MiKTeX\tex/latex/pgf/utilities\pgffor.sty

(C:\Users\PMLS\AppData\Local\Programs\MiKTeX\tex/latex/pgf/utilities\pgfkeys.st
y
(C:\Users\PMLS\AppData\Local\Programs\MiKTeX\tex/generic/pgf/utilities\pgfkeys.
code.tex))
(C:\Users\PMLS\AppData\Local\Programs\MiKTeX\tex/latex/pgf/math\pgfmath.sty
(C:\Users\PMLS\AppData\Local\Programs\MiKTeX\tex/generic/pgf/math\pgfmath.code.
tex))
(C:\Users\PMLS\AppData\Local\Programs\MiKTeX\tex/generic/pgf/utilities\pgffor.c
ode.tex))
(C:\Users\PMLS\AppData\Local\Programs\MiKTeX\tex/generic/pgf/frontendlayer/tikz
\tikz.code.tex
(C:\Users\PMLS\AppData\Local\Programs\MiKTeX\tex/generic/pgf/libraries\pgflibra
ryplothandlers.code.tex)
(C:\Users\PMLS\AppData\Local\Programs\MiKTeX\tex/generic/pgf/modules\pgfmodulem
atrix.code.tex)
(C:\Users\PMLS\AppData\Local\Programs\MiKTeX\tex/generic/pgf/frontendlayer/tikz
/libraries\tikzlibrarytopaths.code.tex)))
(C:\Users\PMLS\AppData\Local\Programs\MiKTeX\tex/generic/pgf/frontendlayer/tikz
/libraries\tikzlibraryshapes.geometric.code.tex
(C:\Users\PMLS\AppData\Local\Programs\MiKTeX\tex/generic/pgf/libraries/shapes\p
gflibraryshapes.geometric.code.tex))
(C:\Users\PMLS\AppData\Local\Programs\MiKTeX\tex/generic/pgf/frontendlayer/tikz
/libraries\tikzlibrarypositioning.code.tex)
(C:\Users\PMLS\AppData\Local\Programs\MiKTeX\tex/generic/pgf/libraries\pgflibra
ryarrows.meta.code.tex)
(C:\Users\PMLS\AppData\Local\Programs\MiKTeX\tex/generic/pgf/frontendlayer/tikz
/libraries\tikzlibrarycalc.code.tex)
(C:\Users\PMLS\AppData\Local\Programs\MiKTeX\tex/latex/dashrule\dashrule.sty
(C:\Users\PMLS\AppData\Local\Programs\MiKTeX\tex/latex/ifmtarg\ifmtarg.sty))
(C:\Users\PMLS\AppData\Local\Programs\MiKTeX\tex/latex/float\float.sty)
(C:\Users\PMLS\AppData\Local\Programs\MiKTeX\tex/latex/setspace\setspace.sty)
(C:\Users\PMLS\AppData\Local\Programs\MiKTeX\tex/latex/titling\titling.sty)
(C:\Users\PMLS\AppData\Local\Programs\MiKTeX\tex/latex/titlesec\titlesec.sty)
(C:\Users\PMLS\AppData\Local\Programs\MiKTeX\tex/latex/algorithms\algorithm.sty
(C:\Users\PMLS\AppData\Local\Programs\MiKTeX\tex/latex/base\ifthen.sty))
(C:\Users\PMLS\AppData\Local\Programs\MiKTeX\tex/latex/algorithmicx\algpseudoco
de.sty
(C:\Users\PMLS\AppData\Local\Programs\MiKTeX\tex/latex/algorithmicx\algorithmic
x.sty
Document Style algorithmicx 1.2 - a greatly improved `algorithmic' style
)
Document Style - pseudocode environments for use with the `algorithmicx' style
) (C:\Users\PMLS\AppData\Local\Programs\MiKTeX\tex/latex/amsmath\amsmath.sty
For additional information on amsmath, use the `?' option.
(C:\Users\PMLS\AppData\Local\Programs\MiKTeX\tex/latex/amsmath\amstext.sty
(C:\Users\PMLS\AppData\Local\Programs\MiKTeX\tex/latex/amsmath\amsgen.sty))
(C:\Users\PMLS\AppData\Local\Programs\MiKTeX\tex/latex/amsmath\amsbsy.sty)
(C:\Users\PMLS\AppData\Local\Programs\MiKTeX\tex/latex/amsmath\amsopn.sty))
(C:\Users\PMLS\AppData\Local\Programs\MiKTeX\tex/latex/l3backend\l3backend-pdft
ex.def) (main.aux)
*geometry* driver: auto-detecting
*geometry* detected driver: pdftex
(main.out) (main.out)
(C:\Users\PMLS\AppData\Local\Programs\MiKTeX\tex/context/base/mkii\supp-pdf.mki
i
[Loading MPS to PDF converter (version 2006.09.02).]
)
(C:\Users\PMLS\AppData\Local\Programs\MiKTeX\tex/latex/epstopdf-pkg\epstopdf-ba
se.sty (C:\Users\PMLS\AppData\Local\Programs\MiKTeX\tex/latex/grfext\grfext.sty
)
(C:\Users\PMLS\AppData\Local\Programs\MiKTeX\tex/latex/00miktex\epstopdf-sys.cf
g)) (title.tex [1{C:/Users/PMLS/AppData/Local/MiKTeX/fonts/map/pdftex/pdftex.ma
p} <./logo.png>]) (dedication.tex [1]) (acknowledgement.tex [2])
(certificate.tex [3]) (plagiarism.tex [4]) (executive_summary.tex [5])
(abbreviations.tex)
Underfull \hbox (badness 10000) in paragraph at lines 42--81

[6] (main.toc [7] [8] [9]) [10] (main.lot) [11] (main.lof) [12]
(ch_1_introduction.tex
Chapter 1.

LaTeX Font Warning: Font shape `OT1/cmr/bx/n' in size <18> not available
(Font)              size <17.28> substituted on input line 5.


pdfTeX warning (ext4): destination with the same identifier (name{page.1}) has 
been already used, duplicate ignored
<to be read again> 
                   \relax 
l.34 
      [1]
Underfull \hbox (badness 10000) in paragraph at lines 107--107
[]|\OT1/cmr/bx/n/12 Application

Underfull \hbox (badness 10000) in paragraph at lines 107--107
[]|\OT1/cmr/m/n/12 Moodle Feed-

Underfull \hbox (badness 3701) in paragraph at lines 107--107
[]\OT1/cmr/m/n/12 AI-generated teach-ing im-prove-

Underfull \hbox (badness 10000) in paragraph at lines 107--107
[]\OT1/cmr/m/n/12 SMTP-based au-to-mated email

Underfull \hbox (badness 10000) in paragraph at lines 107--107
[]\OT1/cmr/m/n/12 TextBlob-based feed-back text
[2] [3
pdfTeX warning (ext4): destination with the same identifier (name{table.1.1}) h
as been already used, duplicate ignored
<argument> ...shipout:D \box_use:N \l_shipout_box 
                                                  \__shipout_drop_firstpage_...
l.131     \item S
                 oftware Design Document (SDD) ΓÇô A detailed design documen...
] [4]
Underfull \hbox (badness 4967) in paragraph at lines 204--204
[]|\OT1/cmr/m/n/12 HTML5 / CSS3 /
[5
pdfTeX warning (ext4): destination with the same identifier (name{table.1.2}) h
as been already used, duplicate ignored
<argument> ...shipout:D \box_use:N \l_shipout_box 
                                                  \__shipout_drop_firstpage_...
l.217 \subsection{Programming Fundamentals}
                                           ] [6]) (ch_2_problem_definition.tex
[7]
Chapter 2.
[8] [9] [10] [11]) (ch_3_requirements.tex [12]
Chapter 3.

Overfull \hbox (11.71718pt too wide) in paragraph at lines 11--12
\OT1/cmr/m/n/12 This chap-ter presents a struc-tured and for-mal spec-i-fi-ca-t
ion of sys-tem re-quire-ments for the TechAware

Underfull \hbox (badness 10000) in paragraph at lines 55--55
[]|\OT1/cmr/bx/n/12 Technical
[13]
Overfull \hbox (5.35498pt too wide) in paragraph at lines 117--117
 [][]\OT1/cmr/m/n/10.95 Administrator 
[14
pdfTeX warning (ext4): destination with the same identifier (name{table.3.1}) h
as been already used, duplicate ignored
<argument> ...shipout:D \box_use:N \l_shipout_box 
                                                  \__shipout_drop_firstpage_...
l.121 
      ] [15
pdfTeX warning (ext4): destination with the same identifier (name{figure.3.1}) 
has been already used, duplicate ignored
<argument> ...shipout:D \box_use:N \l_shipout_box 
                                                  \__shipout_drop_firstpage_...
l.170 
      ] [16
pdfTeX warning (ext4): destination with the same identifier (name{table.3.2}) h
as been already used, duplicate ignored
<argument> ...shipout:D \box_use:N \l_shipout_box 
                                                  \__shipout_drop_firstpage_...
l.206 
      ] [17
pdfTeX warning (ext4): destination with the same identifier (name{table.3.3}) h
as been already used, duplicate ignored
<argument> ...shipout:D \box_use:N \l_shipout_box 
                                                  \__shipout_drop_firstpage_...
l.240 
      ] [18
pdfTeX warning (ext4): destination with the same identifier (name{table.3.4}) h
as been already used, duplicate ignored
<argument> ...shipout:D \box_use:N \l_shipout_box 
                                                  \__shipout_drop_firstpage_...
l.283 
      
pdfTeX warning (ext4): destination with the same identifier (name{table.3.5}) h
as been already used, duplicate ignored
<argument> ...shipout:D \box_use:N \l_shipout_box 
                                                  \__shipout_drop_firstpage_...
l.283 
      ] [19
pdfTeX warning (ext4): destination with the same identifier (name{table.3.6}) h
as been already used, duplicate ignored
<argument> ...shipout:D \box_use:N \l_shipout_box 
                                                  \__shipout_drop_firstpage_...
l.380 
      
pdfTeX warning (ext4): destination with the same identifier (name{table.3.7}) h
as been already used, duplicate ignored
<argument> ...shipout:D \box_use:N \l_shipout_box 
                                                  \__shipout_drop_firstpage_...
l.380 
      ] [20
pdfTeX warning (ext4): destination with the same identifier (name{table.3.8}) h
as been already used, duplicate ignored
<argument> ...shipout:D \box_use:N \l_shipout_box 
                                                  \__shipout_drop_firstpage_...
l.412 \item S
             EC-5: CSRF protection shall be implemented to prevent cross-sit...
] [21] [22]) (ch_4_SDD.tex [23
pdfTeX warning (ext4): destination with the same identifier (name{table.3.9}) h
as been already used, duplicate ignored
<argument> ...shipout:D \box_use:N \l_shipout_box 
                                                  \__shipout_drop_firstpage_...
l.1 \chapter
            {Software Design}]
Chapter 4.
[24]
Overfull \hbox (17.44351pt too wide) in paragraph at lines 67--67
 [][]\OT1/cmr/m/n/10 feedback(session,data) 

Overfull \hbox (4.5865pt too wide) in paragraph at lines 102--102
 \OT1/cmr/m/n/10.95 (HTML/CSS/JS) 

Overfull \hbox (8.43242pt too wide) in paragraph at lines 102--102
 [][]\OT1/cmr/m/n/10 send[]email(payload) 
[25
pdfTeX warning (ext4): destination with the same identifier (name{figure.4.1}) 
has been already used, duplicate ignored
<argument> ...shipout:D \box_use:N \l_shipout_box 
                                                  \__shipout_drop_firstpage_...
l.106 
      ]
Overfull \hbox (13.2144pt too wide) in paragraph at lines 115--116
\OT1/cmr/m/n/12 quests to Flask routes, which ex-e-cute busi-ness logic, in-ter
-act with the database through SQLAlchemy,
[26
pdfTeX warning (ext4): destination with the same identifier (name{figure.4.2}) 
has been already used, duplicate ignored
<argument> ...shipout:D \box_use:N \l_shipout_box 
                                                  \__shipout_drop_firstpage_...
l.148 \end{figure}
                  ] [27]
Overfull \vbox (496.3765pt too high) has occurred while \output is active
[28
pdfTeX warning (ext4): destination with the same identifier (name{figure.4.3}) 
has been already used, duplicate ignored
<argument> ...shipout:D \box_use:N \l_shipout_box 
                                                  \__shipout_drop_firstpage_...
l.149 
      ]
Overfull \hbox (17.80556pt too wide) in paragraph at lines 167--168
\OT1/cmr/m/n/12 tion. The ad-min se-lects an en-tity type, per-forms the de-sir
ed op-er-a-tion (Cre-ate/Read/Update/Delete),

Overfull \hbox (56.55656pt too wide) in paragraph at lines 189--189
 [][][] 

Overfull \hbox (16.86275pt too wide) in paragraph at lines 189--189
 [][][] 

Overfull \hbox (8.35825pt too wide) in paragraph at lines 189--189
 [][][] 
[29] [30
pdfTeX warning (ext4): destination with the same identifier (name{figure.4.4}) 
has been already used, duplicate ignored
<argument> ...shipout:D \box_use:N \l_shipout_box 
                                                  \__shipout_drop_firstpage_...
l.210 ...ubsection{Sequence Diagram -- User Login}
                                                  ]
Overfull \hbox (15.68857pt too wide) in paragraph at lines 229--229
 \OT1/cmr/m/n/10.95 gin(email,password) 

Overfull \hbox (11.57018pt too wide) in paragraph at lines 258--258
 \OT1/cmr/m/n/10.95 mit[]feedback(data) 

Overfull \hbox (15.93192pt too wide) in paragraph at lines 258--258
 [][]\OT1/cmr/m/n/10.95 polarity,subjectivity 
[31
pdfTeX warning (ext4): destination with the same identifier (name{figure.4.5}) 
has been already used, duplicate ignored
<argument> ...shipout:D \box_use:N \l_shipout_box 
                                                  \__shipout_drop_firstpage_...
l.262 
      ] [32
pdfTeX warning (ext4): destination with the same identifier (name{figure.4.6}) 
has been already used, duplicate ignored
<argument> ...shipout:D \box_use:N \l_shipout_box 
                                                  \__shipout_drop_firstpage_...
l.286 
      ] [33
pdfTeX warning (ext4): destination with the same identifier (name{figure.4.7}) 
has been already used, duplicate ignored
<argument> ...shipout:D \box_use:N \l_shipout_box 
                                                  \__shipout_drop_firstpage_...
l.298 \section{Data Flow Diagrams}
                                  ] [34
pdfTeX warning (ext4): destination with the same identifier (name{figure.4.8}) 
has been already used, duplicate ignored
<argument> ...shipout:D \box_use:N \l_shipout_box 
                                                  \__shipout_drop_firstpage_...
l.365 
      ]
Overfull \hbox (6.51726pt too wide) in paragraph at lines 380--381
[]\OT1/cmr/m/n/12 The sys-tem uses SQLite re-la-tional database man-aged throug
h SQLAlchemy ORM. The database
(erd_tikz.tex
Overfull \hbox (0.68507pt too wide) in paragraph at lines 51--51
 [][]\OT1/cmr/bx/n/10.95 Student[]Course 

Overfull \hbox (6.95485pt too wide) in paragraph at lines 70--70
 [][]\OT1/cmr/m/n/10.95 password[]hash 

Overfull \hbox (1.57114pt too wide) in paragraph at lines 140--140
 [][]\OT1/cmr/m/n/10.95 feedback[]text 

Overfull \hbox (1.32777pt too wide) in paragraph at lines 143--143
 [][]\OT1/cmr/m/n/10.95 rating[]overall 
) [35
pdfTeX warning (ext4): destination with the same identifier (name{figure.4.9}) 
has been already used, duplicate ignored
<argument> ...shipout:D \box_use:N \l_shipout_box 
                                                  \__shipout_drop_firstpage_...
l.395 
      ] [36
pdfTeX warning (ext4): destination with the same identifier (name{figure.4.10})
 has been already used, duplicate ignored
<argument> ...shipout:D \box_use:N \l_shipout_box 
                                                  \__shipout_drop_firstpage_...
l.418     \item \textbf
                       {ORM Abstraction}: SQLAlchemy provides database-agnos...
]
Overfull \hbox (2.47585pt too wide) in paragraph at lines 472--472
[]|\OT1/cmr/m/n/12 VARCHAR| 

Overfull \hbox (2.47585pt too wide) in paragraph at lines 472--472
[]|\OT1/cmr/m/n/12 VARCHAR| 

Overfull \hbox (2.47585pt too wide) in paragraph at lines 472--472
[]|\OT1/cmr/m/n/12 VARCHAR| 

Overfull \hbox (2.47585pt too wide) in paragraph at lines 472--472
[]|\OT1/cmr/m/n/12 VARCHAR| 

Underfull \hbox (badness 10000) in paragraph at lines 472--472
[]|\OT1/cmr/m/n/12 User role (ad-min, teacher, stu-dent,

Overfull \hbox (7.53691pt too wide) in paragraph at lines 472--472
[]|\OT1/cmr/m/n/12 DATETIME| 

Overfull \hbox (2.6453pt too wide) in paragraph at lines 472--472
[]|\OT1/cmr/m/n/12 BOOLEAN| 

Overfull \hbox (2.47585pt too wide) in paragraph at lines 504--504
[]|\OT1/cmr/m/n/12 VARCHAR| 

Overfull \hbox (2.47585pt too wide) in paragraph at lines 504--504
[]|\OT1/cmr/m/n/12 VARCHAR| 

Overfull \hbox (7.53691pt too wide) in paragraph at lines 504--504
[]|\OT1/cmr/m/n/12 DATETIME| 

Overfull \hbox (2.47585pt too wide) in paragraph at lines 504--504
[]|\OT1/cmr/m/n/12 VARCHAR| 
[37
pdfTeX warning (ext4): destination with the same identifier (name{figure.4.11})
 has been already used, duplicate ignored
<argument> ...shipout:D \box_use:N \l_shipout_box 
                                                  \__shipout_drop_firstpage_...
l.506 
      
pdfTeX warning (ext4): destination with the same identifier (name{table.4.1}) h
as been already used, duplicate ignored
<argument> ...shipout:D \box_use:N \l_shipout_box 
                                                  \__shipout_drop_firstpage_...
l.506 
      ]
Underfull \hbox (badness 10000) in paragraph at lines 553--553
[]|\OT1/cmr/m/n/12 Unique, Not

Overfull \hbox (0.7867pt too wide) in paragraph at lines 553--553
[]|\OT1/cmr/m/n/12 VARCHAR(120)| 

Underfull \hbox (badness 10000) in paragraph at lines 553--553
[]|\OT1/cmr/m/n/12 Unique, Not

Overfull \hbox (0.7867pt too wide) in paragraph at lines 553--553
[]|\OT1/cmr/m/n/12 VARCHAR(255)| 

Underfull \hbox (badness 10000) in paragraph at lines 553--553
[]|\OT1/cmr/m/n/12 User role (ad-
[38
pdfTeX warning (ext4): destination with the same identifier (name{table.4.2}) h
as been already used, duplicate ignored
<argument> ...shipout:D \box_use:N \l_shipout_box 
                                                  \__shipout_drop_firstpage_...
l.556 
      ] [39
pdfTeX warning (ext4): destination with the same identifier (name{table.4.3}) h
as been already used, duplicate ignored
<argument> ...shipout:D \box_use:N \l_shipout_box 
                                                  \__shipout_drop_firstpage_...
l.601     \item \textbf
                       {One-to-Many (1:N):} One Batch has many Sections; one...
]
Overfull \hbox (28.98534pt too wide) in paragraph at lines 615--616
[]\OT1/cmr/m/n/12 Password En-cryp-tion us-ing bcrypt hash-ing al-go-rithm thro
ugh Werkzeug's gen-er-ate[]password[]hash

Overfull \hbox (8.173pt too wide) in paragraph at lines 631--632
[]\OT1/cmr/m/n/12 Database mi-gra-tion from SQLite to Post-greSQL or MySQL is s
up-ported through SQLAlchemy
[40]) (ch_5_implementation.tex [41]
Chapter 5.
[42] [43] [44] [45] [46]
(C:\Users\PMLS\AppData\Local\Programs\MiKTeX\tex/latex/base\omscmr.fd) [47]
[48] [49] [50]
Underfull \hbox (badness 10000) in paragraph at lines 416--416
[]|\OT1/cmr/bx/n/12 API/SDK

Underfull \hbox (badness 10000) in paragraph at lines 416--416
[]|\OT1/cmr/m/n/12 Feedback Col-lec-tion

Underfull \hbox (badness 10000) in paragraph at lines 416--416
[]|\OT1/cmr/m/n/12 Email No-ti-fi-ca-tion
[51]
Overfull \hbox (6.42973pt too wide) in paragraph at lines 425--428
\OT1/cmr/m/n/12 This sec-tion presents a de-tailed ex-pla-na-tion of all user i
n-ter-face screens de-vel-oped for the TechAware

Overfull \hbox (8.70612pt too wide) in paragraph at lines 439--440
[]\OT1/cmr/m/n/12 Frontend tech-nolo-gies used in-clude HTML5 for se-man-tic st
ruc-ture, CSS3 with cus-tom stylesheets
[52
pdfTeX warning (ext4): destination with the same identifier (name{table.5.1}) h
as been already used, duplicate ignored
<argument> ...shipout:D \box_use:N \l_shipout_box 
                                                  \__shipout_drop_firstpage_...
l.450 ...{Screen 1: Home and Student Login Screen}
                                                  ] [53] [54]
Overfull \hbox (9.93077pt too wide) in paragraph at lines 547--549
[]\OT1/cmr/bx/n/12 Backend In-te-gra-tion: \OT1/cmr/m/n/12 Each en-tity type ma
ps to ded-i-cated API end-points (\OT1/cmtt/m/n/12 /api/departments\OT1/cmr/m/n
/12 ,

Overfull \hbox (110.3301pt too wide) in paragraph at lines 570--572
[]\OT1/cmr/bx/n/12 Functional Flow: \OT1/cmr/m/n/12 On page load, the dash-boar
d fetches student-specific data from \OT1/cmtt/m/n/12 /api/student/dashboard/da
ta\OT1/cmr/m/n/12 .
[55]
Overfull \hbox (10.70831pt too wide) in paragraph at lines 625--625
 [][]\OT1/cmr/m/n/10.95 Authenticated? 
[56
pdfTeX warning (ext4): destination with the same identifier (name{figure.5.1}) 
has been already used, duplicate ignored
<argument> ...shipout:D \box_use:N \l_shipout_box 
                                                  \__shipout_drop_firstpage_...
l.640 
      ] [57] [58] [59] [60] [61]
Underfull \hbox (badness 10000) in paragraph at lines 907--907
[]|\OT1/cmr/m/n/12 Local Flask

Underfull \hbox (badness 10000) in paragraph at lines 907--907
\OT1/cmr/m/n/12 De-vel-op-ment

Underfull \hbox (badness 10000) in paragraph at lines 907--907
[]|\OT1/cmr/m/n/12 Flask built-in server run-ning on

Underfull \hbox (badness 2277) in paragraph at lines 907--907
\OT1/cmtt/m/n/12 http://127.0.0.1:5000 \OT1/cmr/m/n/12 with de-bug mode for de-


Underfull \hbox (badness 10000) in paragraph at lines 907--907
[]|\OT1/cmr/m/n/12 SQLite (Lo-cal
[62]
Overfull \hbox (25.00108pt too wide) in paragraph at lines 910--911
[]\OT1/cmr/m/n/12 Deployment steps in-clude in-stalling Python de-pen-den-cies 
via \OT1/cmtt/m/n/12 pip install -r requirements.txt\OT1/cmr/m/n/12 ,
) (ch_6_testing.tex [63
pdfTeX warning (ext4): destination with the same identifier (name{table.5.2}) h
as been already used, duplicate ignored
<argument> ...shipout:D \box_use:N \l_shipout_box 
                                                  \__shipout_drop_firstpage_...
l.5 \chapter
            {Testing and Evaluation}]
Chapter 6.

Underfull \hbox (badness 10000) in paragraph at lines 47--47
[]|\OT1/cmr/bx/n/12 Expected

Overfull \hbox (3.2443pt too wide) in paragraph at lines 47--47
[]|\OT1/cmr/bx/n/12 Status| 

Underfull \hbox (badness 10000) in paragraph at lines 47--47
[]|\OT1/cmr/m/n/12 User Reg-is-

Underfull \hbox (badness 10000) in paragraph at lines 47--47
[]|\OT1/cmr/m/n/12 User record

Underfull \hbox (badness 10000) in paragraph at lines 47--47
\OT1/cmr/m/n/12 cre-ated in

Underfull \hbox (badness 10000) in paragraph at lines 47--47
\OT1/cmr/m/n/12 database

Underfull \hbox (badness 10000) in paragraph at lines 47--47
\OT1/cmr/m/n/12 with hashed

Underfull \hbox (badness 10000) in paragraph at lines 47--47
[]|\OT1/cmr/m/n/12 Password

Underfull \hbox (badness 10000) in paragraph at lines 47--47
[]|\OT1/cmr/m/n/12 Password

Underfull \hbox (badness 10000) in paragraph at lines 47--47
\OT1/cmr/m/n/12 stored as

Underfull \hbox (badness 3557) in paragraph at lines 47--47
\OT1/cmr/m/n/12 bcrypt hash,

Overfull \hbox (87.6892pt too wide) in paragraph at lines 47--47
\OT1/cmtt/m/n/12 check[]password(``mypass'')

Underfull \hbox (badness 10000) in paragraph at lines 47--47
[]|\OT1/cmr/m/n/12 User au-

Underfull \hbox (badness 10000) in paragraph at lines 47--47
\OT1/cmr/m/n/12 then-ti-cated,

Underfull \hbox (badness 10000) in paragraph at lines 47--47
\OT1/cmr/m/n/12 ses-sion cre-

Overfull \hbox (5.89093pt too wide) in paragraph at lines 47--47
[]|\OT1/cmr/m/n/12 Authentication

Underfull \hbox (badness 10000) in paragraph at lines 47--47
\OT1/cmr/m/n/12 fails, er-ror

Underfull \hbox (badness 5878) in paragraph at lines 47--47
\OT1/cmr/m/n/12 mes-sage dis-

Underfull \hbox (badness 10000) in paragraph at lines 47--47
\OT1/cmr/m/n/12 played, no

Underfull \hbox (badness 10000) in paragraph at lines 47--47
\OT1/cmr/m/n/12 ses-sion cre-

Underfull \hbox (badness 10000) in paragraph at lines 47--47
[]|\OT1/cmr/m/n/12 Feedback

Underfull \hbox (badness 4886) in paragraph at lines 47--47
\OT1/cmr/m/n/12 Text Val-i-da-

Underfull \hbox (badness 10000) in paragraph at lines 47--47
[]|\OT1/cmr/m/n/12 Validation

Underfull \hbox (badness 10000) in paragraph at lines 47--47
\OT1/cmr/m/n/12 back text

Underfull \hbox (badness 6284) in paragraph at lines 47--47
\OT1/cmr/m/n/12 must be at

Underfull \hbox (badness 10000) in paragraph at lines 47--47
[]|\OT1/cmr/m/n/12 Sentiment

Underfull \hbox (badness 10000) in paragraph at lines 47--47
[]|\OT1/cmr/m/n/12 Polarity $\OML/cmm/m/it/12 >$

Underfull \hbox (badness 10000) in paragraph at lines 47--47
\OT1/cmr/m/n/12 0.1, Sen-

Underfull \hbox (badness 10000) in paragraph at lines 47--47
\OT1/cmr/m/n/12 ti-ment =

Underfull \hbox (badness 10000) in paragraph at lines 47--47
\OT1/cmr/m/n/12 ``Un-der-

Underfull \hbox (badness 10000) in paragraph at lines 47--47
[]|\OT1/cmr/m/n/12 Sentiment

Underfull \hbox (badness 10000) in paragraph at lines 47--47
[]|\OT1/cmr/m/n/12 Polarity $\OML/cmm/m/it/12 <$

Underfull \hbox (badness 10000) in paragraph at lines 47--47
\OT1/cmr/m/n/12 --0.1, Sen-ti-

Underfull \hbox (badness 10000) in paragraph at lines 47--47
[]|\OT1/cmr/m/n/12 Sentiment

Underfull \hbox (badness 1394) in paragraph at lines 47--47
[]|$\OMS/cmsy/m/n/12 ^^@\OT1/cmr/m/n/12 0\OML/cmm/m/it/12 :\OT1/cmr/m/n/12 1 \O
MS/cmsy/m/n/12 ^^T$ \OT1/cmr/m/n/12 Po-

Underfull \hbox (badness 3657) in paragraph at lines 47--47
\OT1/cmr/m/n/12 Sen-ti-ment =
[64]
Underfull \hbox (badness 10000) in paragraph at lines 72--72
[]|\OT1/cmr/bx/n/12 Expected

Overfull \hbox (3.2443pt too wide) in paragraph at lines 72--72
[]|\OT1/cmr/bx/n/12 Status| 

Underfull \hbox (badness 10000) in paragraph at lines 72--72
[]|\OT1/cmr/m/n/12 Frontend

Underfull \hbox (badness 10000) in paragraph at lines 72--72
\OT1/cmr/m/n/12 to Back-end

Underfull \hbox (badness 10000) in paragraph at lines 72--72
[]|\OT1/cmr/m/n/12 Feedback

Underfull \hbox (badness 10000) in paragraph at lines 72--72
\OT1/cmr/m/n/12 stored in

Underfull \hbox (badness 10000) in paragraph at lines 72--72
\OT1/cmr/m/n/12 database

Underfull \hbox (badness 10000) in paragraph at lines 72--72
\OT1/cmr/m/n/12 with sen-ti-

Underfull \hbox (badness 10000) in paragraph at lines 72--72
\OT1/cmr/m/n/12 re-sults.

Underfull \hbox (badness 10000) in paragraph at lines 72--72
\OT1/cmr/m/n/12 JSON re-

Underfull \hbox (badness 10000) in paragraph at lines 72--72
\OT1/cmr/m/n/12 sponse with

Underfull \hbox (badness 10000) in paragraph at lines 72--72
\OT1/cmr/m/n/12 sen-ti-ment,

Underfull \hbox (badness 1365) in paragraph at lines 72--72
\OT1/cmr/m/n/12 po-lar-ity, and

Underfull \hbox (badness 10000) in paragraph at lines 72--72
\OT1/cmr/m/n/12 sug-ges-tions

Underfull \hbox (badness 10000) in paragraph at lines 72--72
\OT1/cmr/m/n/12 re-turned to

Underfull \hbox (badness 10000) in paragraph at lines 72--72
[]|\OT1/cmr/m/n/12 Backend to

Underfull \hbox (badness 10000) in paragraph at lines 72--72
[]|\OT1/cmr/m/n/12 Department

Underfull \hbox (badness 4001) in paragraph at lines 72--72
\OT1/cmr/m/n/12 record ex-ists

Underfull \hbox (badness 10000) in paragraph at lines 72--72
\OT1/cmr/m/n/12 in database

Underfull \hbox (badness 10000) in paragraph at lines 72--72
\OT1/cmr/m/n/12 with cor-rect

Underfull \hbox (badness 10000) in paragraph at lines 72--72
\OT1/cmr/m/n/12 at-tributes.

Underfull \hbox (badness 10000) in paragraph at lines 72--72
\OT1/cmr/m/n/12 Re-trieve via

Underfull \hbox (badness 10000) in paragraph at lines 72--72
\OT1/cmr/m/n/12 API re-turns

Underfull \hbox (badness 10000) in paragraph at lines 72--72
\OT1/cmr/m/n/12 match-ing

Underfull \hbox (badness 10000) in paragraph at lines 72--72
[]|\OT1/cmr/m/n/12 Feedback to

Underfull \hbox (badness 10000) in paragraph at lines 72--72
[]|\OT1/cmr/m/n/12 Email sent

Underfull \hbox (badness 10000) in paragraph at lines 72--72
\OT1/cmr/m/n/12 via SMTP

Underfull \hbox (badness 10000) in paragraph at lines 72--72
\OT1/cmr/m/n/12 with feed-

Underfull \hbox (badness 4752) in paragraph at lines 72--72
\OT1/cmr/m/n/12 back de-tails,

Underfull \hbox (badness 10000) in paragraph at lines 72--72
\OT1/cmr/m/n/12 sen-ti-ment

Underfull \hbox (badness 10000) in paragraph at lines 72--72
\OT1/cmr/m/n/12 sug-ges-tions.

Underfull \hbox (badness 10000) in paragraph at lines 72--72
\OT1/cmr/m/n/12 Teacher re-

Underfull \hbox (badness 10000) in paragraph at lines 72--72
[]|\OT1/cmr/m/n/12 Dashboard

Underfull \hbox (badness 10000) in paragraph at lines 72--72
[]|\OT1/cmr/m/n/12 Load teacher dash-board. Ver-ify

Underfull \hbox (badness 10000) in paragraph at lines 72--72
\OT1/cmtt/m/n/12 /get[]feedback[]summary \OT1/cmr/m/n/12 API re-turns

Underfull \hbox (badness 10000) in paragraph at lines 72--72
[]|\OT1/cmr/m/n/12 JSON re-

Underfull \hbox (badness 10000) in paragraph at lines 72--72
\OT1/cmr/m/n/12 sponse con-

Underfull \hbox (badness 4752) in paragraph at lines 72--72
\OT1/cmr/m/n/12 tains cor-rect

Underfull \hbox (badness 10000) in paragraph at lines 72--72
\OT1/cmr/m/n/12 statis-tics

Underfull \hbox (badness 10000) in paragraph at lines 72--72
\OT1/cmr/m/n/12 (un-der-stood,

Underfull \hbox (badness 10000) in paragraph at lines 72--72
\OT1/cmr/m/n/12 not un-der-

Underfull \hbox (badness 10000) in paragraph at lines 72--72
\OT1/cmr/m/n/12 stood, neu-

Underfull \hbox (badness 6995) in paragraph at lines 72--72
\OT1/cmr/m/n/12 tral counts),

Underfull \hbox (badness 10000) in paragraph at lines 72--72
\OT1/cmr/m/n/12 match-ing

Underfull \hbox (badness 10000) in paragraph at lines 72--72
\OT1/cmr/m/n/12 database
[65
pdfTeX warning (ext4): destination with the same identifier (name{table.6.1}) h
as been already used, duplicate ignored
<argument> ...shipout:D \box_use:N \l_shipout_box 
                                                  \__shipout_drop_firstpage_...
l.73 \end{table}
                ] [66]
Overfull \vbox (12.14844pt too high) has occurred while \output is active
[67
pdfTeX warning (ext4): destination with the same identifier (name{table.6.2}) h
as been already used, duplicate ignored
<argument> ...shipout:D \box_use:N \l_shipout_box 
                                                  \__shipout_drop_firstpage_...
l.74 
     ]
Overfull \hbox (3.2443pt too wide) in paragraph at lines 121--121
[]|\OT1/cmr/bx/n/12 Status| 

Underfull \hbox (badness 10000) in paragraph at lines 121--121
[]|\OT1/cmr/m/n/12 Feedback Sub-

Underfull \hbox (badness 10000) in paragraph at lines 121--121
[]|\OT1/cmr/m/n/12 PDF Ex-port

Underfull \hbox (badness 4954) in paragraph at lines 121--121
[]|\OT1/cmr/m/n/12 Email No-ti-fi-ca-

Underfull \hbox (badness 10000) in alignment at lines 121--121
[][][][][] 
[68] [69
pdfTeX warning (ext4): destination with the same identifier (name{table.6.3}) h
as been already used, duplicate ignored
<argument> ...shipout:D \box_use:N \l_shipout_box 
                                                  \__shipout_drop_firstpage_...
l.171 
      ]
Underfull \hbox (badness 10000) in paragraph at lines 218--218
[]|\OT1/cmr/bx/n/12 UAT

Underfull \hbox (badness 10000) in paragraph at lines 218--218
[]|\OT1/cmr/m/n/12 Feedback form is in-tu-itive;

Underfull \hbox (badness 2617) in paragraph at lines 218--218
[]|\OT1/cmr/m/n/12 Dashboard loads quickly and

Underfull \hbox (badness 2547) in paragraph at lines 218--218
[]|\OT1/cmr/m/n/12 Suggested a search/filter fea-

Underfull \hbox (badness 1286) in paragraph at lines 218--218
[]|\OT1/cmr/m/n/12 Added search func-tion-al-ity to
[70
pdfTeX warning (ext4): destination with the same identifier (name{table.6.4}) h
as been already used, duplicate ignored
<argument> ...shipout:D \box_use:N \l_shipout_box 
                                                  \__shipout_drop_firstpage_...
l.220 
      ]
Underfull \hbox (badness 10000) in paragraph at lines 253--253
[]|\OT1/cmr/m/n/12 78% Ac-cu-

Underfull \hbox (badness 10000) in alignment at lines 253--253
[][][][] 
[71
pdfTeX warning (ext4): destination with the same identifier (name{table.6.5}) h
as been already used, duplicate ignored
<argument> ...shipout:D \box_use:N \l_shipout_box 
                                                  \__shipout_drop_firstpage_...
l.255 
      ]) (ch_7_conclusion.tex [72
pdfTeX warning (ext4): destination with the same identifier (name{table.6.6}) h
as been already used, duplicate ignored
<argument> ...shipout:D \box_use:N \l_shipout_box 
                                                  \__shipout_drop_firstpage_...
l.5 \chapter
            {Conclusion and Future Work}]
Chapter 7.

Overfull \hbox (11.9783pt too wide) in paragraph at lines 21--22
[]\OT1/cmr/m/n/12 Real-time sen-ti-ment anal-y-sis achiev-ing 78% clas-si-fi-ca
-tion ac-cu-racy on test data us-ing TextBlob. 
[73]) (main.bbl) [74]

Package hyperref Warning: The anchor of a bookmark and its parent's must not
(hyperref)                be the same. Added a new anchor on input line 127.

(ch_8_plagiarismreport.tex) [75] (ch_8.1_AI_report.tex) [76]
(ch_9_appendix_source_code.tex

Package hyperref Warning: The anchor of a bookmark and its parent's must not
(hyperref)                be the same. Added a new anchor on input line 3.

[77]) [78] (main.aux)

LaTeX Font Warning: Size substitutions with differences
(Font)              up to 0.72pt have occurred.


LaTeX Warning: Label(s) may have changed. Rerun to get cross-references right.

 )
(see the transcript file for additional information) <C:\Users\PMLS\AppData\Loc
al\MiKTeX\fonts/pk/ljfour/jknappen/ec/dpi600\tctt1200.pk> <C:\Users\PMLS\AppDat
a\Local\MiKTeX\fonts/pk/ljfour/jknappen/ec/dpi600\tcrm1200.pk><C:/Users/PMLS/Ap
pData/Local/Programs/MiKTeX/fonts/type1/public/amsfonts/cm/cmbx10.pfb><C:/Users
/PMLS/AppData/Local/Programs/MiKTeX/fonts/type1/public/amsfonts/cm/cmbx12.pfb><
C:/Users/PMLS/AppData/Local/Programs/MiKTeX/fonts/type1/public/amsfonts/cm/cmcs
c10.pfb><C:/Users/PMLS/AppData/Local/Programs/MiKTeX/fonts/type1/public/amsfont
s/cm/cmmi12.pfb><C:/Users/PMLS/AppData/Local/Programs/MiKTeX/fonts/type1/public
/amsfonts/cm/cmr10.pfb><C:/Users/PMLS/AppData/Local/Programs/MiKTeX/fonts/type1
/public/amsfonts/cm/cmr12.pfb><C:/Users/PMLS/AppData/Local/Programs/MiKTeX/font
s/type1/public/amsfonts/cm/cmsy10.pfb><C:/Users/PMLS/AppData/Local/Programs/MiK
TeX/fonts/type1/public/amsfonts/cm/cmti12.pfb><C:/Users/PMLS/AppData/Local/Prog
rams/MiKTeX/fonts/type1/public/amsfonts/cm/cmtt12.pfb>
Output written on main.pdf (91 pages, 585624 bytes).
Transcript written on main.log.
