\BOOKMARK [1][-]{Doc-Start}{\376\377\000E\000x\000e\000c\000u\000t\000i\000v\000e\000\040\000S\000u\000m\000m\000a\000r\000y}{}% 1
\BOOKMARK [1][-]{Doc-Start}{\376\377\000L\000i\000s\000t\000\040\000o\000f\000\040\000T\000a\000b\000l\000e\000s}{}% 2
\BOOKMARK [1][-]{Doc-Start}{\376\377\000L\000i\000s\000t\000\040\000o\000f\000\040\000F\000i\000g\000u\000r\000e\000s}{}% 3
\BOOKMARK [0][-]{chapter.1}{\376\377\000I\000n\000t\000r\000o\000d\000u\000c\000t\000i\000o\000n}{}% 4
\BOOKMARK [1][-]{section.1.1}{\376\377\000I\000n\000t\000r\000o\000d\000u\000c\000t\000i\000o\000n}{chapter.1}% 5
\BOOKMARK [1][-]{section.1.2}{\376\377\000V\000i\000s\000i\000o\000n\000\040\000S\000t\000a\000t\000e\000m\000e\000n\000t}{chapter.1}% 6
\BOOKMARK [1][-]{section.1.3}{\376\377\000R\000e\000l\000a\000t\000e\000d\000\040\000S\000y\000s\000t\000e\000m\000\040\000A\000n\000a\000l\000y\000s\000i\000s}{chapter.1}% 7
\BOOKMARK [1][-]{section.1.4}{\376\377\000P\000r\000o\000j\000e\000c\000t\000\040\000D\000e\000l\000i\000v\000e\000r\000a\000b\000l\000e\000s}{chapter.1}% 8
\BOOKMARK [1][-]{section.1.5}{\376\377\000S\000y\000s\000t\000e\000m\000\040\000L\000i\000m\000i\000t\000a\000t\000i\000o\000n\000s\000\040\000/\000\040\000C\000o\000n\000s\000t\000r\000a\000i\000n\000t\000s}{chapter.1}% 9
\BOOKMARK [1][-]{section.1.6}{\376\377\000T\000o\000o\000l\000s\000\040\000a\000n\000d\000\040\000T\000e\000c\000h\000n\000o\000l\000o\000g\000i\000e\000s}{chapter.1}% 10
\BOOKMARK [1][-]{section.1.7}{\376\377\000R\000e\000l\000e\000v\000a\000n\000c\000e\000\040\000t\000o\000\040\000C\000o\000u\000r\000s\000e\000\040\000M\000o\000d\000u\000l\000e\000s}{chapter.1}% 11
\BOOKMARK [2][-]{subsection.1.7.1}{\376\377\000P\000r\000o\000g\000r\000a\000m\000m\000i\000n\000g\000\040\000F\000u\000n\000d\000a\000m\000e\000n\000t\000a\000l\000s}{section.1.7}% 12
\BOOKMARK [2][-]{subsection.1.7.2}{\376\377\000D\000a\000t\000a\000\040\000S\000t\000r\000u\000c\000t\000u\000r\000e\000s\000\040\000a\000n\000d\000\040\000A\000l\000g\000o\000r\000i\000t\000h\000m\000s}{section.1.7}% 13
\BOOKMARK [2][-]{subsection.1.7.3}{\376\377\000D\000a\000t\000a\000b\000a\000s\000e\000\040\000M\000a\000n\000a\000g\000e\000m\000e\000n\000t\000\040\000S\000y\000s\000t\000e\000m\000s}{section.1.7}% 14
\BOOKMARK [2][-]{subsection.1.7.4}{\376\377\000S\000o\000f\000t\000w\000a\000r\000e\000\040\000E\000n\000g\000i\000n\000e\000e\000r\000i\000n\000g}{section.1.7}% 15
\BOOKMARK [2][-]{subsection.1.7.5}{\376\377\000O\000t\000h\000e\000r\000\040\000R\000e\000l\000e\000v\000a\000n\000t\000\040\000C\000o\000u\000r\000s\000e\000s}{section.1.7}% 16
\BOOKMARK [1][-]{section.1.8}{\376\377\000C\000h\000a\000p\000t\000e\000r\000\040\000S\000u\000m\000m\000a\000r\000y}{chapter.1}% 17
\BOOKMARK [0][-]{chapter.2}{\376\377\000P\000r\000o\000b\000l\000e\000m\000\040\000D\000e\000f\000i\000n\000i\000t\000i\000o\000n}{}% 18
\BOOKMARK [1][-]{section.2.1}{\376\377\000P\000r\000o\000b\000l\000e\000m\000\040\000S\000t\000a\000t\000e\000m\000e\000n\000t}{chapter.2}% 19
\BOOKMARK [1][-]{section.2.2}{\376\377\000P\000r\000o\000p\000o\000s\000e\000d\000\040\000S\000o\000l\000u\000t\000i\000o\000n\000\040\000O\000v\000e\000r\000v\000i\000e\000w}{chapter.2}% 20
\BOOKMARK [1][-]{section.2.3}{\376\377\000O\000b\000j\000e\000c\000t\000i\000v\000e\000s\000\040\000o\000f\000\040\000t\000h\000e\000\040\000P\000r\000o\000p\000o\000s\000e\000d\000\040\000S\000y\000s\000t\000e\000m}{chapter.2}% 21
\BOOKMARK [1][-]{section.2.4}{\376\377\000S\000c\000o\000p\000e\000\040\000o\000f\000\040\000t\000h\000e\000\040\000S\000y\000s\000t\000e\000m}{chapter.2}% 22
\BOOKMARK [1][-]{section.2.5}{\376\377\000S\000y\000s\000t\000e\000m\000\040\000A\000r\000c\000h\000i\000t\000e\000c\000t\000u\000r\000e\000\040\000a\000n\000d\000\040\000M\000o\000d\000u\000l\000e\000s}{chapter.2}% 23
\BOOKMARK [2][-]{subsection.2.5.1}{\376\377\000M\000o\000d\000u\000l\000e\000\040\0001\000:\000\040\000U\000s\000e\000r\000\040\000M\000a\000n\000a\000g\000e\000m\000e\000n\000t\000\040\000a\000n\000d\000\040\000A\000u\000t\000h\000e\000n\000t\000i\000c\000a\000t\000i\000o\000n}{section.2.5}% 24
\BOOKMARK [2][-]{subsection.2.5.2}{\376\377\000M\000o\000d\000u\000l\000e\000\040\0002\000:\000\040\000A\000c\000a\000d\000e\000m\000i\000c\000\040\000M\000a\000n\000a\000g\000e\000m\000e\000n\000t}{section.2.5}% 25
\BOOKMARK [2][-]{subsection.2.5.3}{\376\377\000M\000o\000d\000u\000l\000e\000\040\0003\000:\000\040\000F\000e\000e\000d\000b\000a\000c\000k\000\040\000C\000o\000l\000l\000e\000c\000t\000i\000o\000n\000\040\000a\000n\000d\000\040\000S\000e\000n\000t\000i\000m\000e\000n\000t\000\040\000A\000n\000a\000l\000y\000s\000i\000s}{section.2.5}% 26
\BOOKMARK [2][-]{subsection.2.5.4}{\376\377\000M\000o\000d\000u\000l\000e\000\040\0004\000:\000\040\000A\000d\000m\000i\000n\000i\000s\000t\000r\000a\000t\000i\000o\000n\000\040\000a\000n\000d\000\040\000A\000n\000a\000l\000y\000t\000i\000c\000s\000\040\000D\000a\000s\000h\000b\000o\000a\000r\000d}{section.2.5}% 27
\BOOKMARK [2][-]{subsection.2.5.5}{\376\377\000M\000o\000d\000u\000l\000e\000\040\0005\000:\000\040\000E\000m\000a\000i\000l\000\040\000N\000o\000t\000i\000f\000i\000c\000a\000t\000i\000o\000n\000\040\000a\000n\000d\000\040\000R\000e\000p\000o\000r\000t\000\040\000G\000e\000n\000e\000r\000a\000t\000i\000o\000n}{section.2.5}% 28
\BOOKMARK [1][-]{section.2.6}{\376\377\000A\000s\000s\000u\000m\000p\000t\000i\000o\000n\000s\000\040\000a\000n\000d\000\040\000D\000e\000p\000e\000n\000d\000e\000n\000c\000i\000e\000s}{chapter.2}% 29
\BOOKMARK [1][-]{section.2.7}{\376\377\000C\000h\000a\000p\000t\000e\000r\000\040\000S\000u\000m\000m\000a\000r\000y}{chapter.2}% 30
\BOOKMARK [0][-]{chapter.3}{\376\377\000R\000e\000q\000u\000i\000r\000e\000m\000e\000n\000t\000\040\000A\000n\000a\000l\000y\000s\000i\000s}{}% 31
\BOOKMARK [1][-]{section.3.1}{\376\377\000I\000n\000t\000r\000o\000d\000u\000c\000t\000i\000o\000n\000\040\000t\000o\000\040\000R\000e\000q\000u\000i\000r\000e\000m\000e\000n\000t\000\040\000A\000n\000a\000l\000y\000s\000i\000s}{chapter.3}% 32
\BOOKMARK [1][-]{section.3.2}{\376\377\000R\000e\000q\000u\000i\000r\000e\000m\000e\000n\000t\000\040\000E\000l\000i\000c\000i\000t\000a\000t\000i\000o\000n\000\040\000T\000e\000c\000h\000n\000i\000q\000u\000e\000s}{chapter.3}% 33
\BOOKMARK [1][-]{section.3.3}{\376\377\000U\000s\000e\000r\000\040\000C\000l\000a\000s\000s\000e\000s\000\040\000a\000n\000d\000\040\000C\000h\000a\000r\000a\000c\000t\000e\000r\000i\000s\000t\000i\000c\000s}{chapter.3}% 34
\BOOKMARK [1][-]{section.3.4}{\376\377\000S\000y\000s\000t\000e\000m\000\040\000O\000v\000e\000r\000v\000i\000e\000w}{chapter.3}% 35
\BOOKMARK [1][-]{section.3.5}{\376\377\000U\000s\000e\000\040\000C\000a\000s\000e\000\040\000M\000o\000d\000e\000l}{chapter.3}% 36
\BOOKMARK [2][-]{subsection.3.5.1}{\376\377\000U\000s\000e\000\040\000C\000a\000s\000e\000\040\000D\000i\000a\000g\000r\000a\000m}{section.3.5}% 37
\BOOKMARK [2][-]{subsection.3.5.2}{\376\377\000U\000s\000e\000\040\000C\000a\000s\000e\000\040\000D\000e\000s\000c\000r\000i\000p\000t\000i\000o\000n\000s}{section.3.5}% 38
\BOOKMARK [3][-]{subsubsection.3.5.2.1}{\376\377\000M\000o\000d\000u\000l\000e\000\040\0001\000:\000\040\000S\000t\000u\000d\000e\000n\000t\000\040\000F\000e\000e\000d\000b\000a\000c\000k\000\040\000S\000u\000b\000m\000i\000s\000s\000i\000o\000n}{subsection.3.5.2}% 39
\BOOKMARK [2][-]{subsection.3.5.3}{\376\377\000E\000v\000e\000n\000t\000-\000R\000e\000s\000p\000o\000n\000s\000e\000\040\000T\000a\000b\000l\000e}{section.3.5}% 40
\BOOKMARK [1][-]{section.3.6}{\376\377\000F\000u\000n\000c\000t\000i\000o\000n\000a\000l\000\040\000R\000e\000q\000u\000i\000r\000e\000m\000e\000n\000t\000s}{chapter.3}% 41
\BOOKMARK [2][-]{subsection.3.6.1}{\376\377\000M\000o\000d\000u\000l\000e\000\040\0001\000:\000\040\000U\000s\000e\000r\000\040\000M\000a\000n\000a\000g\000e\000m\000e\000n\000t}{section.3.6}% 42
\BOOKMARK [3][-]{subsubsection.3.6.1.1}{\376\377\000F\000R\000-\0001\000.\0001\000\040\000U\000s\000e\000r\000\040\000A\000u\000t\000h\000e\000n\000t\000i\000c\000a\000t\000i\000o\000n}{subsection.3.6.1}% 43
\BOOKMARK [2][-]{subsection.3.6.2}{\376\377\000M\000o\000d\000u\000l\000e\000\040\0002\000:\000\040\000F\000e\000e\000d\000b\000a\000c\000k\000\040\000C\000o\000l\000l\000e\000c\000t\000i\000o\000n\000\040\000a\000n\000d\000\040\000S\000e\000n\000t\000i\000m\000e\000n\000t\000\040\000A\000n\000a\000l\000y\000s\000i\000s}{section.3.6}% 44
\BOOKMARK [3][-]{subsubsection.3.6.2.1}{\376\377\000F\000R\000-\0002\000.\0001\000\040\000F\000e\000e\000d\000b\000a\000c\000k\000\040\000S\000u\000b\000m\000i\000s\000s\000i\000o\000n}{subsection.3.6.2}% 45
\BOOKMARK [2][-]{subsection.3.6.3}{\376\377\000M\000o\000d\000u\000l\000e\000\040\0003\000:\000\040\000R\000e\000p\000o\000r\000t\000i\000n\000g\000\040\000a\000n\000d\000\040\000E\000m\000a\000i\000l\000\040\000N\000o\000t\000i\000f\000i\000c\000a\000t\000i\000o\000n}{section.3.6}% 46
\BOOKMARK [3][-]{subsubsection.3.6.3.1}{\376\377\000F\000R\000-\0003\000.\0001\000\040\000E\000m\000a\000i\000l\000\040\000N\000o\000t\000i\000f\000i\000c\000a\000t\000i\000o\000n\000\040\000a\000n\000d\000\040\000R\000e\000p\000o\000r\000t\000\040\000G\000e\000n\000e\000r\000a\000t\000i\000o\000n}{subsection.3.6.3}% 47
\BOOKMARK [1][-]{section.3.7}{\376\377\000N\000o\000n\000-\000F\000u\000n\000c\000t\000i\000o\000n\000a\000l\000\040\000R\000e\000q\000u\000i\000r\000e\000m\000e\000n\000t\000s}{chapter.3}% 48
\BOOKMARK [2][-]{subsection.3.7.1}{\376\377\000P\000e\000r\000f\000o\000r\000m\000a\000n\000c\000e\000\040\000R\000e\000q\000u\000i\000r\000e\000m\000e\000n\000t\000s}{section.3.7}% 49
\BOOKMARK [2][-]{subsection.3.7.2}{\376\377\000S\000e\000c\000u\000r\000i\000t\000y\000\040\000R\000e\000q\000u\000i\000r\000e\000m\000e\000n\000t\000s}{section.3.7}% 50
\BOOKMARK [2][-]{subsection.3.7.3}{\376\377\000R\000e\000l\000i\000a\000b\000i\000l\000i\000t\000y\000\040\000R\000e\000q\000u\000i\000r\000e\000m\000e\000n\000t\000s}{section.3.7}% 51
\BOOKMARK [2][-]{subsection.3.7.4}{\376\377\000U\000s\000a\000b\000i\000l\000i\000t\000y\000\040\000R\000e\000q\000u\000i\000r\000e\000m\000e\000n\000t\000s}{section.3.7}% 52
\BOOKMARK [2][-]{subsection.3.7.5}{\376\377\000S\000c\000a\000l\000a\000b\000i\000l\000i\000t\000y\000\040\000R\000e\000q\000u\000i\000r\000e\000m\000e\000n\000t\000s}{section.3.7}% 53
\BOOKMARK [2][-]{subsection.3.7.6}{\376\377\000M\000a\000i\000n\000t\000a\000i\000n\000a\000b\000i\000l\000i\000t\000y\000\040\000R\000e\000q\000u\000i\000r\000e\000m\000e\000n\000t\000s}{section.3.7}% 54
\BOOKMARK [1][-]{section.3.8}{\376\377\000E\000x\000t\000e\000r\000n\000a\000l\000\040\000I\000n\000t\000e\000r\000f\000a\000c\000e\000\040\000R\000e\000q\000u\000i\000r\000e\000m\000e\000n\000t\000s}{chapter.3}% 55
\BOOKMARK [2][-]{subsection.3.8.1}{\376\377\000U\000s\000e\000r\000\040\000I\000n\000t\000e\000r\000f\000a\000c\000e\000\040\000R\000e\000q\000u\000i\000r\000e\000m\000e\000n\000t\000s}{section.3.8}% 56
\BOOKMARK [2][-]{subsection.3.8.2}{\376\377\000H\000a\000r\000d\000w\000a\000r\000e\000\040\000I\000n\000t\000e\000r\000f\000a\000c\000e\000\040\000R\000e\000q\000u\000i\000r\000e\000m\000e\000n\000t\000s}{section.3.8}% 57
\BOOKMARK [2][-]{subsection.3.8.3}{\376\377\000S\000o\000f\000t\000w\000a\000r\000e\000\040\000I\000n\000t\000e\000r\000f\000a\000c\000e\000\040\000R\000e\000q\000u\000i\000r\000e\000m\000e\000n\000t\000s}{section.3.8}% 58
\BOOKMARK [2][-]{subsection.3.8.4}{\376\377\000C\000o\000m\000m\000u\000n\000i\000c\000a\000t\000i\000o\000n\000\040\000I\000n\000t\000e\000r\000f\000a\000c\000e\000\040\000R\000e\000q\000u\000i\000r\000e\000m\000e\000n\000t\000s}{section.3.8}% 59
\BOOKMARK [1][-]{section.3.9}{\376\377\000A\000s\000s\000u\000m\000p\000t\000i\000o\000n\000s\000\040\000a\000n\000d\000\040\000D\000e\000p\000e\000n\000d\000e\000n\000c\000i\000e\000s}{chapter.3}% 60
\BOOKMARK [1][-]{section.3.10}{\376\377\000R\000e\000q\000u\000i\000r\000e\000m\000e\000n\000t\000\040\000T\000r\000a\000c\000e\000a\000b\000i\000l\000i\000t\000y\000\040\000M\000a\000t\000r\000i\000x}{chapter.3}% 61
\BOOKMARK [0][-]{chapter.4}{\376\377\000S\000o\000f\000t\000w\000a\000r\000e\000\040\000D\000e\000s\000i\000g\000n}{}% 62
\BOOKMARK [1][-]{section.4.1}{\376\377\000I\000n\000t\000r\000o\000d\000u\000c\000t\000i\000o\000n\000\040\000t\000o\000\040\000S\000o\000f\000t\000w\000a\000r\000e\000\040\000D\000e\000s\000i\000g\000n}{chapter.4}% 63
\BOOKMARK [1][-]{section.4.2}{\376\377\000D\000e\000s\000i\000g\000n\000\040\000M\000e\000t\000h\000o\000d\000o\000l\000o\000g\000y\000\040\000a\000n\000d\000\040\000S\000o\000f\000t\000w\000a\000r\000e\000\040\000P\000r\000o\000c\000e\000s\000s\000\040\000M\000o\000d\000e\000l}{chapter.4}% 64
\BOOKMARK [2][-]{subsection.4.2.1}{\376\377\000D\000e\000s\000i\000g\000n\000\040\000M\000e\000t\000h\000o\000d\000o\000l\000o\000g\000y}{section.4.2}% 65
\BOOKMARK [2][-]{subsection.4.2.2}{\376\377\000S\000o\000f\000t\000w\000a\000r\000e\000\040\000P\000r\000o\000c\000e\000s\000s\000\040\000M\000o\000d\000e\000l}{section.4.2}% 66
\BOOKMARK [1][-]{section.4.3}{\376\377\000S\000y\000s\000t\000e\000m\000\040\000O\000v\000e\000r\000v\000i\000e\000w}{chapter.4}% 67
\BOOKMARK [1][-]{section.4.4}{\376\377\000A\000r\000c\000h\000i\000t\000e\000c\000t\000u\000r\000a\000l\000\040\000D\000e\000s\000i\000g\000n}{chapter.4}% 68
\BOOKMARK [1][-]{section.4.5}{\376\377\000D\000e\000s\000i\000g\000n\000\040\000M\000o\000d\000e\000l\000s}{chapter.4}% 69
\BOOKMARK [2][-]{subsection.4.5.1}{\376\377\000A\000c\000t\000i\000v\000i\000t\000y\000\040\000D\000i\000a\000g\000r\000a\000m\000s}{section.4.5}% 70
\BOOKMARK [3][-]{subsubsection.4.5.1.1}{\376\377\000M\000o\000d\000u\000l\000e\000\040\0001\000:\000\040\000U\000s\000e\000r\000\040\000A\000u\000t\000h\000e\000n\000t\000i\000c\000a\000t\000i\000o\000n}{subsection.4.5.1}% 71
\BOOKMARK [3][-]{subsubsection.4.5.1.2}{\376\377\000M\000o\000d\000u\000l\000e\000\040\0002\000:\000\040\000F\000e\000e\000d\000b\000a\000c\000k\000\040\000C\000o\000l\000l\000e\000c\000t\000i\000o\000n\000\040\000a\000n\000d\000\040\000A\000n\000a\000l\000y\000s\000i\000s}{subsection.4.5.1}% 72
\BOOKMARK [3][-]{subsubsection.4.5.1.3}{\376\377\000M\000o\000d\000u\000l\000e\000\040\0003\000:\000\040\000A\000d\000m\000i\000n\000\040\000M\000a\000n\000a\000g\000e\000m\000e\000n\000t\000\040\000O\000p\000e\000r\000a\000t\000i\000o\000n\000s}{subsection.4.5.1}% 73
\BOOKMARK [2][-]{subsection.4.5.2}{\376\377\000C\000l\000a\000s\000s\000\040\000D\000i\000a\000g\000r\000a\000m}{section.4.5}% 74
\BOOKMARK [2][-]{subsection.4.5.3}{\376\377\000S\000e\000q\000u\000e\000n\000c\000e\000\040\000D\000i\000a\000g\000r\000a\000m\000s}{section.4.5}% 75
\BOOKMARK [3][-]{subsubsection.4.5.3.1}{\376\377\000S\000e\000q\000u\000e\000n\000c\000e\000\040\000D\000i\000a\000g\000r\000a\000m\000\040\040\023\000\040\000U\000s\000e\000r\000\040\000L\000o\000g\000i\000n}{subsection.4.5.3}% 76
\BOOKMARK [3][-]{subsubsection.4.5.3.2}{\376\377\000S\000e\000q\000u\000e\000n\000c\000e\000\040\000D\000i\000a\000g\000r\000a\000m\000\040\040\023\000\040\000F\000e\000e\000d\000b\000a\000c\000k\000\040\000S\000u\000b\000m\000i\000s\000s\000i\000o\000n}{subsection.4.5.3}% 77
\BOOKMARK [2][-]{subsection.4.5.4}{\376\377\000S\000t\000a\000t\000e\000\040\000T\000r\000a\000n\000s\000i\000t\000i\000o\000n\000\040\000D\000i\000a\000g\000r\000a\000m\000s}{section.4.5}% 78
\BOOKMARK [1][-]{section.4.6}{\376\377\000D\000a\000t\000a\000\040\000F\000l\000o\000w\000\040\000D\000i\000a\000g\000r\000a\000m\000s}{chapter.4}% 79
\BOOKMARK [2][-]{subsection.4.6.1}{\376\377\000L\000e\000v\000e\000l\000\040\0001\000\040\000D\000a\000t\000a\000\040\000F\000l\000o\000w\000\040\000D\000i\000a\000g\000r\000a\000m}{section.4.6}% 80
\BOOKMARK [2][-]{subsection.4.6.2}{\376\377\000L\000e\000v\000e\000l\000\040\0002\000\040\000D\000a\000t\000a\000\040\000F\000l\000o\000w\000\040\000D\000i\000a\000g\000r\000a\000m}{section.4.6}% 81
\BOOKMARK [1][-]{section.4.7}{\376\377\000D\000a\000t\000a\000\040\000D\000e\000s\000i\000g\000n}{chapter.4}% 82
\BOOKMARK [2][-]{subsection.4.7.1}{\376\377\000E\000n\000t\000i\000t\000y\000\040\000R\000e\000l\000a\000t\000i\000o\000n\000s\000h\000i\000p\000\040\000D\000i\000a\000g\000r\000a\000m\000\040\000\050\000E\000R\000D\000\051}{section.4.7}% 83
\BOOKMARK [2][-]{subsection.4.7.2}{\376\377\000D\000a\000t\000a\000b\000a\000s\000e\000\040\000A\000r\000c\000h\000i\000t\000e\000c\000t\000u\000r\000e}{section.4.7}% 84
\BOOKMARK [1][-]{section.4.8}{\376\377\000D\000a\000t\000a\000b\000a\000s\000e\000\040\000S\000c\000h\000e\000m\000a\000\040\000D\000i\000a\000g\000r\000a\000m}{chapter.4}% 85
\BOOKMARK [2][-]{subsection.4.8.1}{\376\377\000D\000a\000t\000a\000\040\000D\000i\000c\000t\000i\000o\000n\000a\000r\000y}{section.4.8}% 86
\BOOKMARK [1][-]{section.4.9}{\376\377\000D\000a\000t\000a\000b\000a\000s\000e\000\040\000T\000a\000b\000l\000e\000s\000\040\000/\000\040\000C\000o\000l\000l\000e\000c\000t\000i\000o\000n\000s}{chapter.4}% 87
\BOOKMARK [2][-]{subsection.4.9.1}{\376\377\000U\000s\000e\000r\000\040\000T\000a\000b\000l\000e}{section.4.9}% 88
\BOOKMARK [2][-]{subsection.4.9.2}{\376\377\000C\000o\000r\000e\000\040\000D\000a\000t\000a\000\040\000T\000a\000b\000l\000e\000s}{section.4.9}% 89
\BOOKMARK [2][-]{subsection.4.9.3}{\376\377\000R\000e\000l\000a\000t\000i\000o\000n\000s\000h\000i\000p\000s\000\040\000B\000e\000t\000w\000e\000e\000n\000\040\000T\000a\000b\000l\000e\000s}{section.4.9}% 90
\BOOKMARK [2][-]{subsection.4.9.4}{\376\377\000S\000e\000c\000u\000r\000i\000t\000y\000\040\000a\000n\000d\000\040\000D\000a\000t\000a\000\040\000I\000n\000t\000e\000g\000r\000i\000t\000y}{section.4.9}% 91
\BOOKMARK [2][-]{subsection.4.9.5}{\376\377\000S\000c\000a\000l\000a\000b\000i\000l\000i\000t\000y\000\040\000C\000o\000n\000s\000i\000d\000e\000r\000a\000t\000i\000o\000n\000s}{section.4.9}% 92
\BOOKMARK [1][-]{section.4.10}{\376\377\000C\000h\000a\000p\000t\000e\000r\000\040\000S\000u\000m\000m\000a\000r\000y}{chapter.4}% 93
\BOOKMARK [0][-]{chapter.5}{\376\377\000I\000m\000p\000l\000e\000m\000e\000n\000t\000a\000t\000i\000o\000n}{}% 94
\BOOKMARK [1][-]{section.5.1}{\376\377\000D\000e\000v\000e\000l\000o\000p\000m\000e\000n\000t\000\040\000E\000n\000v\000i\000r\000o\000n\000m\000e\000n\000t}{chapter.5}% 95
\BOOKMARK [1][-]{section.5.2}{\376\377\000C\000o\000r\000e\000\040\000M\000o\000d\000u\000l\000e\000\040\000I\000m\000p\000l\000e\000m\000e\000n\000t\000a\000t\000i\000o\000n}{chapter.5}% 96
\BOOKMARK [2][-]{subsection.5.2.1}{\376\377\000M\000o\000d\000u\000l\000e\000\040\0001\000:\000\040\000U\000s\000e\000r\000\040\000A\000u\000t\000h\000e\000n\000t\000i\000c\000a\000t\000i\000o\000n\000\040\000a\000n\000d\000\040\000M\000a\000n\000a\000g\000e\000m\000e\000n\000t}{section.5.2}% 97
\BOOKMARK [2][-]{subsection.5.2.2}{\376\377\000M\000o\000d\000u\000l\000e\000\040\0002\000:\000\040\000A\000c\000a\000d\000e\000m\000i\000c\000\040\000M\000a\000n\000a\000g\000e\000m\000e\000n\000t}{section.5.2}% 98
\BOOKMARK [2][-]{subsection.5.2.3}{\376\377\000M\000o\000d\000u\000l\000e\000\040\0003\000:\000\040\000F\000e\000e\000d\000b\000a\000c\000k\000\040\000C\000o\000l\000l\000e\000c\000t\000i\000o\000n\000\040\000a\000n\000d\000\040\000S\000e\000n\000t\000i\000m\000e\000n\000t\000\040\000A\000n\000a\000l\000y\000s\000i\000s}{section.5.2}% 99
\BOOKMARK [2][-]{subsection.5.2.4}{\376\377\000M\000o\000d\000u\000l\000e\000\040\0004\000:\000\040\000D\000a\000s\000h\000b\000o\000a\000r\000d\000\040\000a\000n\000d\000\040\000A\000n\000a\000l\000y\000t\000i\000c\000s}{section.5.2}% 100
\BOOKMARK [1][-]{section.5.3}{\376\377\000A\000l\000g\000o\000r\000i\000t\000h\000m\000\040\000I\000m\000p\000l\000e\000m\000e\000n\000t\000a\000t\000i\000o\000n}{chapter.5}% 101
\BOOKMARK [2][-]{subsection.5.3.1}{\376\377\000A\000l\000g\000o\000r\000i\000t\000h\000m\000\040\0001\000:\000\040\000T\000e\000x\000t\000B\000l\000o\000b\000\040\000S\000e\000n\000t\000i\000m\000e\000n\000t\000\040\000A\000n\000a\000l\000y\000s\000i\000s\000\040\000a\000n\000d\000\040\000C\000l\000a\000s\000s\000i\000f\000i\000c\000a\000t\000i\000o\000n}{section.5.3}% 102
\BOOKMARK [2][-]{subsection.5.3.2}{\376\377\000A\000l\000g\000o\000r\000i\000t\000h\000m\000\040\0002\000:\000\040\000A\000I\000\040\000S\000u\000g\000g\000e\000s\000t\000i\000o\000n\000\040\000G\000e\000n\000e\000r\000a\000t\000i\000o\000n}{section.5.3}% 103
\BOOKMARK [2][-]{subsection.5.3.3}{\376\377\000A\000l\000g\000o\000r\000i\000t\000h\000m\000\040\0003\000:\000\040\000S\000M\000T\000P\000\040\000E\000m\000a\000i\000l\000\040\000N\000o\000t\000i\000f\000i\000c\000a\000t\000i\000o\000n\000\040\000D\000i\000s\000p\000a\000t\000c\000h}{section.5.3}% 104
\BOOKMARK [2][-]{subsection.5.3.4}{\376\377\000A\000l\000g\000o\000r\000i\000t\000h\000m\000\040\0004\000:\000\040\000R\000o\000l\000e\000-\000B\000a\000s\000e\000d\000\040\000A\000c\000c\000e\000s\000s\000\040\000C\000o\000n\000t\000r\000o\000l\000\040\000\050\000R\000B\000A\000C\000\051}{section.5.3}% 105
\BOOKMARK [2][-]{subsection.5.3.5}{\376\377\000A\000l\000g\000o\000r\000i\000t\000h\000m\000\040\0005\000:\000\040\000P\000a\000s\000s\000w\000o\000r\000d\000\040\000H\000a\000s\000h\000i\000n\000g\000\040\000a\000n\000d\000\040\000V\000e\000r\000i\000f\000i\000c\000a\000t\000i\000o\000n}{section.5.3}% 106
\BOOKMARK [2][-]{subsection.5.3.6}{\376\377\000A\000l\000g\000o\000r\000i\000t\000h\000m\000\040\0006\000:\000\040\000P\000a\000s\000s\000w\000o\000r\000d\000\040\000R\000e\000s\000e\000t\000\040\000T\000o\000k\000e\000n\000\040\000G\000e\000n\000e\000r\000a\000t\000i\000o\000n\000\040\000a\000n\000d\000\040\000V\000a\000l\000i\000d\000a\000t\000i\000o\000n}{section.5.3}% 107
\BOOKMARK [2][-]{subsection.5.3.7}{\376\377\000A\000l\000g\000o\000r\000i\000t\000h\000m\000\040\0007\000:\000\040\000P\000D\000F\000\040\000R\000e\000p\000o\000r\000t\000\040\000G\000e\000n\000e\000r\000a\000t\000i\000o\000n}{section.5.3}% 108
\BOOKMARK [2][-]{subsection.5.3.8}{\376\377\000A\000l\000g\000o\000r\000i\000t\000h\000m\000\040\0008\000:\000\040\000P\000e\000r\000f\000o\000r\000m\000a\000n\000c\000e\000\040\000M\000o\000n\000i\000t\000o\000r\000i\000n\000g\000\040\000a\000n\000d\000\040\000A\000l\000e\000r\000t\000\040\000S\000y\000s\000t\000e\000m}{section.5.3}% 109
\BOOKMARK [1][-]{section.5.4}{\376\377\000E\000x\000t\000e\000r\000n\000a\000l\000\040\000A\000P\000I\000s\000\040\000/\000\040\000S\000D\000K\000s}{chapter.5}% 110
\BOOKMARK [1][-]{section.5.5}{\376\377\000U\000s\000e\000r\000\040\000I\000n\000t\000e\000r\000f\000a\000c\000e\000\040\000I\000m\000p\000l\000e\000m\000e\000n\000t\000a\000t\000i\000o\000n}{chapter.5}% 111
\BOOKMARK [2][-]{subsection.5.5.1}{\376\377\000U\000I\000\040\000D\000e\000s\000i\000g\000n\000\040\000A\000p\000p\000r\000o\000a\000c\000h}{section.5.5}% 112
\BOOKMARK [2][-]{subsection.5.5.2}{\376\377\000S\000c\000r\000e\000e\000n\000-\000w\000i\000s\000e\000\040\000I\000m\000p\000l\000e\000m\000e\000n\000t\000a\000t\000i\000o\000n}{section.5.5}% 113
\BOOKMARK [3][-]{subsubsection.5.5.2.1}{\376\377\000S\000c\000r\000e\000e\000n\000\040\0001\000:\000\040\000H\000o\000m\000e\000\040\000a\000n\000d\000\040\000S\000t\000u\000d\000e\000n\000t\000\040\000L\000o\000g\000i\000n\000\040\000S\000c\000r\000e\000e\000n}{subsection.5.5.2}% 114
\BOOKMARK [3][-]{subsubsection.5.5.2.2}{\376\377\000S\000c\000r\000e\000e\000n\000\040\0002\000:\000\040\000T\000e\000a\000c\000h\000e\000r\000\040\000D\000a\000s\000h\000b\000o\000a\000r\000d\000\040\000S\000c\000r\000e\000e\000n}{subsection.5.5.2}% 115
\BOOKMARK [3][-]{subsubsection.5.5.2.3}{\376\377\000S\000c\000r\000e\000e\000n\000\040\0003\000:\000\040\000S\000t\000u\000d\000e\000n\000t\000\040\000F\000e\000e\000d\000b\000a\000c\000k\000\040\000F\000o\000r\000m}{subsection.5.5.2}% 116
\BOOKMARK [3][-]{subsubsection.5.5.2.4}{\376\377\000S\000c\000r\000e\000e\000n\000\040\0004\000:\000\040\000A\000d\000m\000i\000n\000\040\000M\000a\000n\000a\000g\000e\000m\000e\000n\000t\000\040\000P\000a\000n\000e\000l}{subsection.5.5.2}% 117
\BOOKMARK [3][-]{subsubsection.5.5.2.5}{\376\377\000S\000c\000r\000e\000e\000n\000\040\0005\000:\000\040\000S\000t\000u\000d\000e\000n\000t\000\040\000D\000a\000s\000h\000b\000o\000a\000r\000d}{subsection.5.5.2}% 118
\BOOKMARK [3][-]{subsubsection.5.5.2.6}{\376\377\000S\000c\000r\000e\000e\000n\000\040\0006\000:\000\040\000P\000a\000s\000s\000w\000o\000r\000d\000\040\000M\000a\000n\000a\000g\000e\000m\000e\000n\000t\000\040\000S\000c\000r\000e\000e\000n\000s}{subsection.5.5.2}% 119
\BOOKMARK [2][-]{subsection.5.5.3}{\376\377\000N\000a\000v\000i\000g\000a\000t\000i\000o\000n\000\040\000F\000l\000o\000w\000\040\000D\000i\000a\000g\000r\000a\000m}{section.5.5}% 120
\BOOKMARK [2][-]{subsection.5.5.4}{\376\377\000R\000e\000s\000p\000o\000n\000s\000i\000v\000e\000n\000e\000s\000s\000\040\000a\000n\000d\000\040\000P\000e\000r\000f\000o\000r\000m\000a\000n\000c\000e}{section.5.5}% 121
\BOOKMARK [2][-]{subsection.5.5.5}{\376\377\000A\000l\000g\000o\000r\000i\000t\000h\000m\000\040\0003\000:\000\040\000S\000M\000T\000P\000\040\000E\000m\000a\000i\000l\000\040\000N\000o\000t\000i\000f\000i\000c\000a\000t\000i\000o\000n\000\040\000D\000i\000s\000p\000a\000t\000c\000h}{section.5.5}% 122
\BOOKMARK [2][-]{subsection.5.5.6}{\376\377\000A\000l\000g\000o\000r\000i\000t\000h\000m\000\040\0004\000:\000\040\000R\000o\000l\000e\000-\000B\000a\000s\000e\000d\000\040\000A\000c\000c\000e\000s\000s\000\040\000C\000o\000n\000t\000r\000o\000l\000\040\000\050\000R\000B\000A\000C\000\051}{section.5.5}% 123
\BOOKMARK [2][-]{subsection.5.5.7}{\376\377\000A\000l\000g\000o\000r\000i\000t\000h\000m\000\040\0005\000:\000\040\000P\000a\000s\000s\000w\000o\000r\000d\000\040\000H\000a\000s\000h\000i\000n\000g\000\040\000a\000n\000d\000\040\000V\000e\000r\000i\000f\000i\000c\000a\000t\000i\000o\000n}{section.5.5}% 124
\BOOKMARK [2][-]{subsection.5.5.8}{\376\377\000A\000l\000g\000o\000r\000i\000t\000h\000m\000\040\0006\000:\000\040\000P\000a\000s\000s\000w\000o\000r\000d\000\040\000R\000e\000s\000e\000t\000\040\000T\000o\000k\000e\000n\000\040\000G\000e\000n\000e\000r\000a\000t\000i\000o\000n\000\040\000a\000n\000d\000\040\000V\000a\000l\000i\000d\000a\000t\000i\000o\000n}{section.5.5}% 125
\BOOKMARK [2][-]{subsection.5.5.9}{\376\377\000A\000l\000g\000o\000r\000i\000t\000h\000m\000\040\0007\000:\000\040\000P\000D\000F\000\040\000R\000e\000p\000o\000r\000t\000\040\000G\000e\000n\000e\000r\000a\000t\000i\000o\000n}{section.5.5}% 126
\BOOKMARK [2][-]{subsection.5.5.10}{\376\377\000A\000l\000g\000o\000r\000i\000t\000h\000m\000\040\0008\000:\000\040\000P\000e\000r\000f\000o\000r\000m\000a\000n\000c\000e\000\040\000M\000o\000n\000i\000t\000o\000r\000i\000n\000g\000\040\000a\000n\000d\000\040\000A\000l\000e\000r\000t\000\040\000S\000y\000s\000t\000e\000m}{section.5.5}% 127
\BOOKMARK [1][-]{section.5.6}{\376\377\000D\000e\000p\000l\000o\000y\000m\000e\000n\000t}{chapter.5}% 128
\BOOKMARK [1][-]{section.5.7}{\376\377\000C\000h\000a\000p\000t\000e\000r\000\040\000S\000u\000m\000m\000a\000r\000y}{chapter.5}% 129
\BOOKMARK [0][-]{chapter.6}{\376\377\000T\000e\000s\000t\000i\000n\000g\000\040\000a\000n\000d\000\040\000E\000v\000a\000l\000u\000a\000t\000i\000o\000n}{}% 130
\BOOKMARK [1][-]{section.6.1}{\376\377\000T\000e\000s\000t\000i\000n\000g\000\040\000S\000t\000r\000a\000t\000e\000g\000y}{chapter.6}% 131
\BOOKMARK [1][-]{section.6.2}{\376\377\000U\000n\000i\000t\000\040\000T\000e\000s\000t\000i\000n\000g}{chapter.6}% 132
\BOOKMARK [1][-]{section.6.3}{\376\377\000I\000n\000t\000e\000g\000r\000a\000t\000i\000o\000n\000\040\000T\000e\000s\000t\000i\000n\000g}{chapter.6}% 133
\BOOKMARK [1][-]{section.6.4}{\376\377\000S\000y\000s\000t\000e\000m\000\040\000T\000e\000s\000t\000i\000n\000g}{chapter.6}% 134
\BOOKMARK [1][-]{section.6.5}{\376\377\000P\000e\000r\000f\000o\000r\000m\000a\000n\000c\000e\000\040\000T\000e\000s\000t\000i\000n\000g}{chapter.6}% 135
\BOOKMARK [1][-]{section.6.6}{\376\377\000S\000e\000c\000u\000r\000i\000t\000y\000\040\000T\000e\000s\000t\000i\000n\000g}{chapter.6}% 136
\BOOKMARK [1][-]{section.6.7}{\376\377\000M\000o\000d\000e\000l\000\040\000E\000v\000a\000l\000u\000a\000t\000i\000o\000n\000\040\000\050\000S\000e\000n\000t\000i\000m\000e\000n\000t\000\040\000A\000n\000a\000l\000y\000s\000i\000s\000\051}{chapter.6}% 137
\BOOKMARK [2][-]{subsection.6.7.1}{\376\377\000E\000v\000a\000l\000u\000a\000t\000i\000o\000n\000\040\000M\000e\000t\000r\000i\000c\000s}{section.6.7}% 138
\BOOKMARK [2][-]{subsection.6.7.2}{\376\377\000C\000l\000a\000s\000s\000i\000f\000i\000c\000a\000t\000i\000o\000n\000\040\000T\000h\000r\000e\000s\000h\000o\000l\000d\000\040\000A\000n\000a\000l\000y\000s\000i\000s}{section.6.7}% 139
\BOOKMARK [2][-]{subsection.6.7.3}{\376\377\000L\000i\000m\000i\000t\000a\000t\000i\000o\000n\000s}{section.6.7}% 140
\BOOKMARK [1][-]{section.6.8}{\376\377\000U\000s\000e\000r\000\040\000A\000c\000c\000e\000p\000t\000a\000n\000c\000e\000\040\000T\000e\000s\000t\000i\000n\000g}{chapter.6}% 141
\BOOKMARK [1][-]{section.6.9}{\376\377\000T\000e\000s\000t\000i\000n\000g\000\040\000S\000u\000m\000m\000a\000r\000y}{chapter.6}% 142
\BOOKMARK [0][-]{chapter.7}{\376\377\000C\000o\000n\000c\000l\000u\000s\000i\000o\000n\000\040\000a\000n\000d\000\040\000F\000u\000t\000u\000r\000e\000\040\000W\000o\000r\000k}{}% 143
\BOOKMARK [1][-]{section.7.1}{\376\377\000C\000o\000n\000c\000l\000u\000s\000i\000o\000n}{chapter.7}% 144
\BOOKMARK [1][-]{section.7.2}{\376\377\000F\000u\000t\000u\000r\000e\000\040\000W\000o\000r\000k}{chapter.7}% 145
\BOOKMARK [1][-]{section.7.3}{\376\377\000L\000i\000m\000i\000t\000a\000t\000i\000o\000n\000s}{chapter.7}% 146
\BOOKMARK [0][-]{appendix*.1}{\376\377\000A\000p\000p\000e\000n\000d\000i\000c\000e\000s}{}% 147
\BOOKMARK [1][-]{section*.2}{\376\377\000A\000p\000p\000e\000n\000d\000i\000x\000\040\000A\000\040\040\023\000\040\000T\000u\000r\000n\000i\000t\000i\000n\000\040\000S\000i\000m\000i\000l\000a\000r\000i\000t\000y\000\040\000R\000e\000p\000o\000r\000t}{appendix*.1}% 148
\BOOKMARK [1][-]{section*.2}{\376\377\000A\000p\000p\000e\000n\000d\000i\000x\000\040\000B\000\040\040\023\000\040\000A\000I\000\040\000W\000r\000i\000t\000i\000n\000g\000\040\000D\000e\000t\000e\000c\000t\000i\000o\000n\000\040\000R\000e\000p\000o\000r\000t}{appendix*.1}% 149
\BOOKMARK [1][-]{section*.2}{\376\377\000A\000p\000p\000e\000n\000d\000i\000x\000\040\000C\000\040\040\023\000\040\000S\000o\000u\000r\000c\000e\000\040\000C\000o\000d\000e}{appendix*.1}% 150
\BOOKMARK [2][-]{section*.3}{\376\377\000S\000o\000u\000r\000c\000e\000\040\000C\000o\000d\000e\000\040\000R\000e\000p\000o\000s\000i\000t\000o\000r\000y}{section*.2}% 151
\BOOKMARK [2][-]{section*.3}{\376\377\000P\000r\000o\000j\000e\000c\000t\000\040\000S\000t\000r\000u\000c\000t\000u\000r\000e}{section*.2}% 152
\BOOKMARK [2][-]{section*.3}{\376\377\000K\000e\000y\000\040\000F\000i\000l\000e\000s\000\040\000D\000e\000s\000c\000r\000i\000p\000t\000i\000o\000n}{section*.2}% 153
