This is pdfTeX, Version 3.141592653-2.6-1.40.28 (MiKTeX 25.12) (preloaded format=pdflatex 2026.3.4)  11 JUN 2026 23:57
entering extended mode
 restricted \write18 enabled.
 %&-line parsing enabled.
**./main.tex
(main.tex
LaTeX2e <2025-11-01>
L3 programming layer <2025-12-24>
(C:\Users\PMLS\AppData\Local\Programs\MiKTeX\tex/latex/base\report.cls
Document Class: report 2025/01/22 v1.4n Standard LaTeX document class
(C:\Users\PMLS\AppData\Local\Programs\MiKTeX\tex/latex/base\size12.clo
File: size12.clo 2025/01/22 v1.4n Standard LaTeX file (size option)
)
\c@part=\count275
\c@chapter=\count276
\c@section=\count277
\c@subsection=\count278
\c@subsubsection=\count279
\c@paragraph=\count280
\c@subparagraph=\count281
\c@figure=\count282
\c@table=\count283
\abovecaptionskip=\skip49
\belowcaptionskip=\skip50
\bibindent=\dimen148
)
(C:\Users\PMLS\AppData\Local\Programs\MiKTeX\tex/latex/geometry\geometry.sty
Package: geometry 2020/01/02 v5.9 Page Geometry

(C:\Users\PMLS\AppData\Local\Programs\MiKTeX\tex/latex/graphics\keyval.sty
Package: keyval 2022/05/29 v1.15 key=value parser (DPC)
\KV@toks@=\toks17
)
(C:\Users\PMLS\AppData\Local\Programs\MiKTeX\tex/generic/iftex\ifvtex.sty
Package: ifvtex 2019/10/25 v1.7 ifvtex legacy package. Use iftex instead.

(C:\Users\PMLS\AppData\Local\Programs\MiKTeX\tex/generic/iftex\iftex.sty
Package: iftex 2024/12/12 v1.0g TeX engine tests
))
\Gm@cnth=\count284
\Gm@cntv=\count285
\c@Gm@tempcnt=\count286
\Gm@bindingoffset=\dimen149
\Gm@wd@mp=\dimen150
\Gm@odd@mp=\dimen151
\Gm@even@mp=\dimen152
\Gm@layoutwidth=\dimen153
\Gm@layoutheight=\dimen154
\Gm@layouthoffset=\dimen155
\Gm@layoutvoffset=\dimen156
\Gm@dimlist=\toks18

(C:\Users\PMLS\AppData\Local\Programs\MiKTeX\tex/latex/geometry\geometry.cfg))
(C:\Users\PMLS\AppData\Local\Programs\MiKTeX\tex/latex/fancyhdr\fancyhdr.sty
Package: fancyhdr 2025/02/07 v5.2 Extensive control of page headers and footers

\f@nch@headwidth=\skip51
\f@nch@offset@elh=\skip52
\f@nch@offset@erh=\skip53
\f@nch@offset@olh=\skip54
\f@nch@offset@orh=\skip55
\f@nch@offset@elf=\skip56
\f@nch@offset@erf=\skip57
\f@nch@offset@olf=\skip58
\f@nch@offset@orf=\skip59
\f@nch@height=\skip60
\f@nch@footalignment=\skip61
\f@nch@widthL=\skip62
\f@nch@widthC=\skip63
\f@nch@widthR=\skip64
\@temptokenb=\toks19
)
(C:\Users\PMLS\AppData\Local\Programs\MiKTeX\tex/latex/tools\tabularx.sty
Package: tabularx 2023/12/11 v2.12a `tabularx' package (DPC)

(C:\Users\PMLS\AppData\Local\Programs\MiKTeX\tex/latex/tools\array.sty
Package: array 2025/09/25 v2.6n Tabular extension package (FMi)
\col@sep=\dimen157
\ar@mcellbox=\box53
\extrarowheight=\dimen158
\NC@list=\toks20
\extratabsurround=\skip65
\backup@length=\skip66
\ar@cellbox=\box54
)
\TX@col@width=\dimen159
\TX@old@table=\dimen160
\TX@old@col=\dimen161
\TX@target=\dimen162
\TX@delta=\dimen163
\TX@cols=\count287
\TX@ftn=\toks21
)
(C:\Users\PMLS\AppData\Local\Programs\MiKTeX\tex/latex/enumitem\enumitem.sty
Package: enumitem 2025/02/06 v3.11 Customized lists
\labelindent=\skip67
\enit@outerparindent=\dimen164
\enit@toks=\toks22
\enit@inbox=\box55
\enit@count@id=\count288
\enitdp@description=\count289
)
(C:\Users\PMLS\AppData\Local\Programs\MiKTeX\tex/latex/tocloft\tocloft.sty
Package: tocloft 2017/08/31 v2.3i parameterised ToC, etc., typesetting
Package tocloft Info: The document has chapter divisions on input line 51.
\cftparskip=\skip68
\cftbeforetoctitleskip=\skip69
\cftaftertoctitleskip=\skip70
\cftbeforepartskip=\skip71
\cftpartnumwidth=\skip72
\cftpartindent=\skip73
\cftbeforechapskip=\skip74
\cftchapindent=\skip75
\cftchapnumwidth=\skip76
\cftbeforesecskip=\skip77
\cftsecindent=\skip78
\cftsecnumwidth=\skip79
\cftbeforesubsecskip=\skip80
\cftsubsecindent=\skip81
\cftsubsecnumwidth=\skip82
\cftbeforesubsubsecskip=\skip83
\cftsubsubsecindent=\skip84
\cftsubsubsecnumwidth=\skip85
\cftbeforeparaskip=\skip86
\cftparaindent=\skip87
\cftparanumwidth=\skip88
\cftbeforesubparaskip=\skip89
\cftsubparaindent=\skip90
\cftsubparanumwidth=\skip91
\cftbeforeloftitleskip=\skip92
\cftafterloftitleskip=\skip93
\cftbeforefigskip=\skip94
\cftfigindent=\skip95
\cftfignumwidth=\skip96
\c@lofdepth=\count290
\c@lotdepth=\count291
\cftbeforelottitleskip=\skip97
\cftafterlottitleskip=\skip98
\cftbeforetabskip=\skip99
\cfttabindent=\skip100
\cfttabnumwidth=\skip101
)
(C:\Users\PMLS\AppData\Local\Programs\MiKTeX\tex/latex/booktabs\booktabs.sty
Package: booktabs 2020/01/12 v1.61803398 Publication quality tables
\heavyrulewidth=\dimen165
\lightrulewidth=\dimen166
\cmidrulewidth=\dimen167
\belowrulesep=\dimen168
\belowbottomsep=\dimen169
\aboverulesep=\dimen170
\abovetopsep=\dimen171
\cmidrulesep=\dimen172
\cmidrulekern=\dimen173
\defaultaddspace=\dimen174
\@cmidla=\count292
\@cmidlb=\count293
\@aboverulesep=\dimen175
\@belowrulesep=\dimen176
\@thisruleclass=\count294
\@lastruleclass=\count295
\@thisrulewidth=\dimen177
)
(C:\Users\PMLS\AppData\Local\Programs\MiKTeX\tex/latex/ragged2e\ragged2e.sty
Package: ragged2e 2023/06/22 v3.6 ragged2e Package
\CenteringLeftskip=\skip102
\RaggedLeftLeftskip=\skip103
\RaggedRightLeftskip=\skip104
\CenteringRightskip=\skip105
\RaggedLeftRightskip=\skip106
\RaggedRightRightskip=\skip107
\CenteringParfillskip=\skip108
\RaggedLeftParfillskip=\skip109
\RaggedRightParfillskip=\skip110
\JustifyingParfillskip=\skip111
\CenteringParindent=\skip112
\RaggedLeftParindent=\skip113
\RaggedRightParindent=\skip114
\JustifyingParindent=\skip115
)
(C:\Users\PMLS\AppData\Local\Programs\MiKTeX\tex/latex/hyperref\hyperref.sty
Package: hyperref 2025-07-12 v7.01o Hypertext links for LaTeX

(C:\Users\PMLS\AppData\Local\Programs\MiKTeX\tex/latex/kvsetkeys\kvsetkeys.sty
Package: kvsetkeys 2022-10-05 v1.19 Key value parser (HO)
)
(C:\Users\PMLS\AppData\Local\Programs\MiKTeX\tex/generic/kvdefinekeys\kvdefinek
eys.sty
Package: kvdefinekeys 2019-12-19 v1.6 Define keys (HO)
)
(C:\Users\PMLS\AppData\Local\Programs\MiKTeX\tex/generic/pdfescape\pdfescape.st
y
Package: pdfescape 2019/12/09 v1.15 Implements pdfTeX's escape features (HO)
 (C:\Users\PMLS\AppData\Local\Programs\MiKTeX\tex/generic/ltxcmds\ltxcmds.sty
Package: ltxcmds 2023-12-04 v1.26 LaTeX kernel commands for general use (HO)
)
(C:\Users\PMLS\AppData\Local\Programs\MiKTeX\tex/generic/pdftexcmds\pdftexcmds.
sty
Package: pdftexcmds 2020-06-27 v0.33 Utility functions of pdfTeX for LuaTeX (HO
)

(C:\Users\PMLS\AppData\Local\Programs\MiKTeX\tex/generic/infwarerr\infwarerr.st
y
Package: infwarerr 2019/12/03 v1.5 Providing info/warning/error messages (HO)
)
Package pdftexcmds Info: \pdf@primitive is available.
Package pdftexcmds Info: \pdf@ifprimitive is available.
Package pdftexcmds Info: \pdfdraftmode found.
)) (C:\Users\PMLS\AppData\Local\Programs\MiKTeX\tex/latex/hycolor\hycolor.sty
Package: hycolor 2020-01-27 v1.10 Color options for hyperref/bookmark (HO)
) (C:\Users\PMLS\AppData\Local\Programs\MiKTeX\tex/latex/hyperref\nameref.sty
Package: nameref 2025-06-21 v2.57 Cross-referencing by name of section

(C:\Users\PMLS\AppData\Local\Programs\MiKTeX\tex/latex/refcount\refcount.sty
Package: refcount 2019/12/15 v3.6 Data extraction from label references (HO)
)
(C:\Users\PMLS\AppData\Local\Programs\MiKTeX\tex/generic/gettitlestring\gettitl
estring.sty
Package: gettitlestring 2019/12/15 v1.6 Cleanup title references (HO)

(C:\Users\PMLS\AppData\Local\Programs\MiKTeX\tex/latex/kvoptions\kvoptions.sty
Package: kvoptions 2022-06-15 v3.15 Key value format for package options (HO)
))
\c@section@level=\count296
) (C:\Users\PMLS\AppData\Local\Programs\MiKTeX\tex/latex/etoolbox\etoolbox.sty
Package: etoolbox 2025/10/02 v2.5m e-TeX tools for LaTeX (JAW)
\etb@tempcnta=\count297
)
(C:\Users\PMLS\AppData\Local\Programs\MiKTeX\tex/generic/stringenc\stringenc.st
y
Package: stringenc 2019/11/29 v1.12 Convert strings between diff. encodings (HO
)
)
\@linkdim=\dimen178
\Hy@linkcounter=\count298
\Hy@pagecounter=\count299
 (C:\Users\PMLS\AppData\Local\Programs\MiKTeX\tex/latex/hyperref\pd1enc.def
File: pd1enc.def 2025-07-12 v7.01o Hyperref: PDFDocEncoding definition (HO)
Now handling font encoding PD1 ...
... no UTF-8 mapping file for font encoding PD1
)
(C:\Users\PMLS\AppData\Local\Programs\MiKTeX\tex/generic/intcalc\intcalc.sty
Package: intcalc 2019/12/15 v1.3 Expandable calculations with integers (HO)
)
\Hy@SavedSpaceFactor=\count300

(C:\Users\PMLS\AppData\Local\Programs\MiKTeX\tex/latex/hyperref\puenc.def
File: puenc.def 2025-07-12 v7.01o Hyperref: PDF Unicode definition (HO)
Now handling font encoding PU ...
... no UTF-8 mapping file for font encoding PU
)
Package hyperref Info: Hyper figures OFF on input line 4195.
Package hyperref Info: Link nesting OFF on input line 4200.
Package hyperref Info: Hyper index ON on input line 4203.
Package hyperref Info: Plain pages OFF on input line 4210.
Package hyperref Info: Backreferencing OFF on input line 4215.
Package hyperref Info: Implicit mode ON; LaTeX internals redefined.
Package hyperref Info: Bookmarks ON on input line 4462.
\c@Hy@tempcnt=\count301

(C:\Users\PMLS\AppData\Local\Programs\MiKTeX\tex/latex/url\url.sty
\Urlmuskip=\muskip17
Package: url 2013/09/16  ver 3.4  Verb mode for urls, etc.
)
LaTeX Info: Redefining \url on input line 4801.
\XeTeXLinkMargin=\dimen179

(C:\Users\PMLS\AppData\Local\Programs\MiKTeX\tex/generic/bitset\bitset.sty
Package: bitset 2019/12/09 v1.3 Handle bit-vector datatype (HO)

(C:\Users\PMLS\AppData\Local\Programs\MiKTeX\tex/generic/bigintcalc\bigintcalc.
sty
Package: bigintcalc 2019/12/15 v1.5 Expandable calculations on big integers (HO
)
))
\Fld@menulength=\count302
\Field@Width=\dimen180
\Fld@charsize=\dimen181
Package hyperref Info: Hyper figures OFF on input line 6078.
Package hyperref Info: Link nesting OFF on input line 6083.
Package hyperref Info: Hyper index ON on input line 6086.
Package hyperref Info: backreferencing OFF on input line 6093.
Package hyperref Info: Link coloring OFF on input line 6098.
Package hyperref Info: Link coloring with OCG OFF on input line 6103.
Package hyperref Info: PDF/A mode OFF on input line 6108.
\Hy@abspage=\count303
\c@Item=\count304
\c@Hfootnote=\count305
)
Package hyperref Info: Driver (autodetected): hpdftex.

(C:\Users\PMLS\AppData\Local\Programs\MiKTeX\tex/latex/hyperref\hpdftex.def
File: hpdftex.def 2025-07-12 v7.01o Hyperref driver for pdfTeX
\Fld@listcount=\count306
\c@bookmark@seq@number=\count307

(C:\Users\PMLS\AppData\Local\Programs\MiKTeX\tex/latex/rerunfilecheck\rerunfile
check.sty
Package: rerunfilecheck 2025-06-21 v1.11 Rerun checks for auxiliary files (HO)

(C:\Users\PMLS\AppData\Local\Programs\MiKTeX\tex/generic/uniquecounter\uniqueco
unter.sty
Package: uniquecounter 2019/12/15 v1.4 Provide unlimited unique counter (HO)
)
Package uniquecounter Info: New unique counter `rerunfilecheck' on input line 2
84.
)
\Hy@SectionHShift=\skip116
)
(C:\Users\PMLS\AppData\Local\Programs\MiKTeX\tex/latex/pgf/frontendlayer\tikz.s
ty
(C:\Users\PMLS\AppData\Local\Programs\MiKTeX\tex/latex/pgf/basiclayer\pgf.sty
(C:\Users\PMLS\AppData\Local\Programs\MiKTeX\tex/latex/pgf/utilities\pgfrcs.sty

(C:\Users\PMLS\AppData\Local\Programs\MiKTeX\tex/generic/pgf/utilities\pgfutil-
common.tex
\pgfutil@everybye=\toks23
\pgfutil@tempdima=\dimen182
\pgfutil@tempdimb=\dimen183
)
(C:\Users\PMLS\AppData\Local\Programs\MiKTeX\tex/generic/pgf/utilities\pgfutil-
latex.def
\pgfutil@abb=\box56
)
(C:\Users\PMLS\AppData\Local\Programs\MiKTeX\tex/generic/pgf/utilities\pgfrcs.c
ode.tex
(C:\Users\PMLS\AppData\Local\Programs\MiKTeX\tex/generic/pgf\pgf.revision.tex)
Package: pgfrcs 2025-08-29 v3.1.11a (3.1.11a)
))
Package: pgf 2025-08-29 v3.1.11a (3.1.11a)

(C:\Users\PMLS\AppData\Local\Programs\MiKTeX\tex/latex/pgf/basiclayer\pgfcore.s
ty (C:\Users\PMLS\AppData\Local\Programs\MiKTeX\tex/latex/graphics\graphicx.sty
Package: graphicx 2024/12/31 v1.2e Enhanced LaTeX Graphics (DPC,SPQR)
(C:\Users\PMLS\AppData\Local\Programs\MiKTeX\tex/latex/graphics\graphics.sty
Package: graphics 2024/08/06 v1.4g Standard LaTeX Graphics (DPC,SPQR)

(C:\Users\PMLS\AppData\Local\Programs\MiKTeX\tex/latex/graphics\trig.sty
Package: trig 2023/12/02 v1.11 sin cos tan (DPC)
)
(C:\Users\PMLS\AppData\Local\Programs\MiKTeX\tex/latex/graphics-cfg\graphics.cf
g
File: graphics.cfg 2016/06/04 v1.11 sample graphics configuration
)
Package graphics Info: Driver file: pdftex.def on input line 106.

(C:\Users\PMLS\AppData\Local\Programs\MiKTeX\tex/latex/graphics-def\pdftex.def
File: pdftex.def 2025/09/29 v1.2d Graphics/color driver for pdftex
))
\Gin@req@height=\dimen184
\Gin@req@width=\dimen185
)
(C:\Users\PMLS\AppData\Local\Programs\MiKTeX\tex/latex/pgf/systemlayer\pgfsys.s
ty
(C:\Users\PMLS\AppData\Local\Programs\MiKTeX\tex/generic/pgf/systemlayer\pgfsys
.code.tex
Package: pgfsys 2025-08-29 v3.1.11a (3.1.11a)

(C:\Users\PMLS\AppData\Local\Programs\MiKTeX\tex/generic/pgf/utilities\pgfkeys.
code.tex
\pgfkeys@pathtoks=\toks24
\pgfkeys@temptoks=\toks25

(C:\Users\PMLS\AppData\Local\Programs\MiKTeX\tex/generic/pgf/utilities\pgfkeysl
ibraryfiltered.code.tex
\pgfkeys@tmptoks=\toks26
))
\pgf@x=\dimen186
\pgf@y=\dimen187
\pgf@xa=\dimen188
\pgf@ya=\dimen189
\pgf@xb=\dimen190
\pgf@yb=\dimen191
\pgf@xc=\dimen192
\pgf@yc=\dimen193
\pgf@xd=\dimen194
\pgf@yd=\dimen195
\w@pgf@writea=\write3
\r@pgf@reada=\read2
\c@pgf@counta=\count308
\c@pgf@countb=\count309
\c@pgf@countc=\count310
\c@pgf@countd=\count311
\t@pgf@toka=\toks27
\t@pgf@tokb=\toks28
\t@pgf@tokc=\toks29
\pgf@sys@id@count=\count312

(C:\Users\PMLS\AppData\Local\Programs\MiKTeX\tex/generic/pgf/systemlayer\pgf.cf
g
File: pgf.cfg 2025-08-29 v3.1.11a (3.1.11a)
)
Driver file for pgf: pgfsys-pdftex.def

(C:\Users\PMLS\AppData\Local\Programs\MiKTeX\tex/generic/pgf/systemlayer\pgfsys
-pdftex.def
File: pgfsys-pdftex.def 2025-08-29 v3.1.11a (3.1.11a)

(C:\Users\PMLS\AppData\Local\Programs\MiKTeX\tex/generic/pgf/systemlayer\pgfsys
-common-pdf.def
File: pgfsys-common-pdf.def 2025-08-29 v3.1.11a (3.1.11a)
)))
(C:\Users\PMLS\AppData\Local\Programs\MiKTeX\tex/generic/pgf/systemlayer\pgfsys
softpath.code.tex
File: pgfsyssoftpath.code.tex 2025-08-29 v3.1.11a (3.1.11a)
\pgfsyssoftpath@smallbuffer@items=\count313
\pgfsyssoftpath@bigbuffer@items=\count314
)
(C:\Users\PMLS\AppData\Local\Programs\MiKTeX\tex/generic/pgf/systemlayer\pgfsys
protocol.code.tex
File: pgfsysprotocol.code.tex 2025-08-29 v3.1.11a (3.1.11a)
))
(C:\Users\PMLS\AppData\Local\Programs\MiKTeX\tex/latex/xcolor\xcolor.sty
Package: xcolor 2024/09/29 v3.02 LaTeX color extensions (UK)

(C:\Users\PMLS\AppData\Local\Programs\MiKTeX\tex/latex/graphics-cfg\color.cfg
File: color.cfg 2016/01/02 v1.6 sample color configuration
)
Package xcolor Info: Driver file: pdftex.def on input line 274.

(C:\Users\PMLS\AppData\Local\Programs\MiKTeX\tex/latex/graphics\mathcolor.ltx)
Package xcolor Info: Model `cmy' substituted by `cmy0' on input line 1349.
Package xcolor Info: Model `hsb' substituted by `rgb' on input line 1353.
Package xcolor Info: Model `RGB' extended on input line 1365.
Package xcolor Info: Model `HTML' substituted by `rgb' on input line 1367.
Package xcolor Info: Model `Hsb' substituted by `hsb' on input line 1368.
Package xcolor Info: Model `tHsb' substituted by `hsb' on input line 1369.
Package xcolor Info: Model `HSB' substituted by `hsb' on input line 1370.
Package xcolor Info: Model `Gray' substituted by `gray' on input line 1371.
Package xcolor Info: Model `wave' substituted by `hsb' on input line 1372.
)
(C:\Users\PMLS\AppData\Local\Programs\MiKTeX\tex/generic/pgf/basiclayer\pgfcore
.code.tex
Package: pgfcore 2025-08-29 v3.1.11a (3.1.11a)

(C:\Users\PMLS\AppData\Local\Programs\MiKTeX\tex/generic/pgf/math\pgfmath.code.
tex
(C:\Users\PMLS\AppData\Local\Programs\MiKTeX\tex/generic/pgf/math\pgfmathutil.c
ode.tex)
(C:\Users\PMLS\AppData\Local\Programs\MiKTeX\tex/generic/pgf/math\pgfmathparser
.code.tex
\pgfmath@dimen=\dimen196
\pgfmath@count=\count315
\pgfmath@box=\box57
\pgfmath@toks=\toks30
\pgfmath@stack@operand=\toks31
\pgfmath@stack@operation=\toks32
)
(C:\Users\PMLS\AppData\Local\Programs\MiKTeX\tex/generic/pgf/math\pgfmathfuncti
ons.code.tex)
(C:\Users\PMLS\AppData\Local\Programs\MiKTeX\tex/generic/pgf/math\pgfmathfuncti
ons.basic.code.tex)
(C:\Users\PMLS\AppData\Local\Programs\MiKTeX\tex/generic/pgf/math\pgfmathfuncti
ons.trigonometric.code.tex)
(C:\Users\PMLS\AppData\Local\Programs\MiKTeX\tex/generic/pgf/math\pgfmathfuncti
ons.random.code.tex)
(C:\Users\PMLS\AppData\Local\Programs\MiKTeX\tex/generic/pgf/math\pgfmathfuncti
ons.comparison.code.tex)
(C:\Users\PMLS\AppData\Local\Programs\MiKTeX\tex/generic/pgf/math\pgfmathfuncti
ons.base.code.tex)
(C:\Users\PMLS\AppData\Local\Programs\MiKTeX\tex/generic/pgf/math\pgfmathfuncti
ons.round.code.tex)
(C:\Users\PMLS\AppData\Local\Programs\MiKTeX\tex/generic/pgf/math\pgfmathfuncti
ons.misc.code.tex)
(C:\Users\PMLS\AppData\Local\Programs\MiKTeX\tex/generic/pgf/math\pgfmathfuncti
ons.integerarithmetics.code.tex)
(C:\Users\PMLS\AppData\Local\Programs\MiKTeX\tex/generic/pgf/math\pgfmathcalc.c
ode.tex)
(C:\Users\PMLS\AppData\Local\Programs\MiKTeX\tex/generic/pgf/math\pgfmathfloat.
code.tex
\c@pgfmathroundto@lastzeros=\count316
))
(C:\Users\PMLS\AppData\Local\Programs\MiKTeX\tex/generic/pgf/math\pgfint.code.t
ex)
(C:\Users\PMLS\AppData\Local\Programs\MiKTeX\tex/generic/pgf/basiclayer\pgfcore
points.code.tex
File: pgfcorepoints.code.tex 2025-08-29 v3.1.11a (3.1.11a)
\pgf@picminx=\dimen197
\pgf@picmaxx=\dimen198
\pgf@picminy=\dimen199
\pgf@picmaxy=\dimen256
\pgf@pathminx=\dimen257
\pgf@pathmaxx=\dimen258
\pgf@pathminy=\dimen259
\pgf@pathmaxy=\dimen260
\pgf@xx=\dimen261
\pgf@xy=\dimen262
\pgf@yx=\dimen263
\pgf@yy=\dimen264
\pgf@zx=\dimen265
\pgf@zy=\dimen266
)
(C:\Users\PMLS\AppData\Local\Programs\MiKTeX\tex/generic/pgf/basiclayer\pgfcore
pathconstruct.code.tex
File: pgfcorepathconstruct.code.tex 2025-08-29 v3.1.11a (3.1.11a)
\pgf@path@lastx=\dimen267
\pgf@path@lasty=\dimen268
)
(C:\Users\PMLS\AppData\Local\Programs\MiKTeX\tex/generic/pgf/basiclayer\pgfcore
pathusage.code.tex
File: pgfcorepathusage.code.tex 2025-08-29 v3.1.11a (3.1.11a)
\pgf@shorten@end@additional=\dimen269
\pgf@shorten@start@additional=\dimen270
)
(C:\Users\PMLS\AppData\Local\Programs\MiKTeX\tex/generic/pgf/basiclayer\pgfcore
scopes.code.tex
File: pgfcorescopes.code.tex 2025-08-29 v3.1.11a (3.1.11a)
\pgfpic=\box58
\pgf@hbox=\box59
\pgf@layerbox@main=\box60
\pgf@picture@serial@count=\count317
)
(C:\Users\PMLS\AppData\Local\Programs\MiKTeX\tex/generic/pgf/basiclayer\pgfcore
graphicstate.code.tex
File: pgfcoregraphicstate.code.tex 2025-08-29 v3.1.11a (3.1.11a)
\pgflinewidth=\dimen271
)
(C:\Users\PMLS\AppData\Local\Programs\MiKTeX\tex/generic/pgf/basiclayer\pgfcore
transformations.code.tex
File: pgfcoretransformations.code.tex 2025-08-29 v3.1.11a (3.1.11a)
\pgf@pt@x=\dimen272
\pgf@pt@y=\dimen273
\pgf@pt@temp=\dimen274
)
(C:\Users\PMLS\AppData\Local\Programs\MiKTeX\tex/generic/pgf/basiclayer\pgfcore
quick.code.tex
File: pgfcorequick.code.tex 2025-08-29 v3.1.11a (3.1.11a)
)
(C:\Users\PMLS\AppData\Local\Programs\MiKTeX\tex/generic/pgf/basiclayer\pgfcore
objects.code.tex
File: pgfcoreobjects.code.tex 2025-08-29 v3.1.11a (3.1.11a)
)
(C:\Users\PMLS\AppData\Local\Programs\MiKTeX\tex/generic/pgf/basiclayer\pgfcore
pathprocessing.code.tex
File: pgfcorepathprocessing.code.tex 2025-08-29 v3.1.11a (3.1.11a)
)
(C:\Users\PMLS\AppData\Local\Programs\MiKTeX\tex/generic/pgf/basiclayer\pgfcore
arrows.code.tex
File: pgfcorearrows.code.tex 2025-08-29 v3.1.11a (3.1.11a)
\pgfarrowsep=\dimen275
)
(C:\Users\PMLS\AppData\Local\Programs\MiKTeX\tex/generic/pgf/basiclayer\pgfcore
shade.code.tex
File: pgfcoreshade.code.tex 2025-08-29 v3.1.11a (3.1.11a)
\pgf@max=\dimen276
\pgf@sys@shading@range@num=\count318
\pgf@shadingcount=\count319
)
(C:\Users\PMLS\AppData\Local\Programs\MiKTeX\tex/generic/pgf/basiclayer\pgfcore
image.code.tex
File: pgfcoreimage.code.tex 2025-08-29 v3.1.11a (3.1.11a)
)
(C:\Users\PMLS\AppData\Local\Programs\MiKTeX\tex/generic/pgf/basiclayer\pgfcore
external.code.tex
File: pgfcoreexternal.code.tex 2025-08-29 v3.1.11a (3.1.11a)
\pgfexternal@startupbox=\box61
)
(C:\Users\PMLS\AppData\Local\Programs\MiKTeX\tex/generic/pgf/basiclayer\pgfcore
layers.code.tex
File: pgfcorelayers.code.tex 2025-08-29 v3.1.11a (3.1.11a)
)
(C:\Users\PMLS\AppData\Local\Programs\MiKTeX\tex/generic/pgf/basiclayer\pgfcore
transparency.code.tex
File: pgfcoretransparency.code.tex 2025-08-29 v3.1.11a (3.1.11a)
)
(C:\Users\PMLS\AppData\Local\Programs\MiKTeX\tex/generic/pgf/basiclayer\pgfcore
patterns.code.tex
File: pgfcorepatterns.code.tex 2025-08-29 v3.1.11a (3.1.11a)
)
(C:\Users\PMLS\AppData\Local\Programs\MiKTeX\tex/generic/pgf/basiclayer\pgfcore
rdf.code.tex
File: pgfcorerdf.code.tex 2025-08-29 v3.1.11a (3.1.11a)
)))
(C:\Users\PMLS\AppData\Local\Programs\MiKTeX\tex/generic/pgf/modules\pgfmodules
hapes.code.tex
File: pgfmoduleshapes.code.tex 2025-08-29 v3.1.11a (3.1.11a)
\pgfnodeparttextbox=\box62
)
(C:\Users\PMLS\AppData\Local\Programs\MiKTeX\tex/generic/pgf/modules\pgfmodulep
lot.code.tex
File: pgfmoduleplot.code.tex 2025-08-29 v3.1.11a (3.1.11a)
)
(C:\Users\PMLS\AppData\Local\Programs\MiKTeX\tex/latex/pgf/compatibility\pgfcom
p-version-0-65.sty
Package: pgfcomp-version-0-65 2025-08-29 v3.1.11a (3.1.11a)
\pgf@nodesepstart=\dimen277
\pgf@nodesepend=\dimen278
)
(C:\Users\PMLS\AppData\Local\Programs\MiKTeX\tex/latex/pgf/compatibility\pgfcom
p-version-1-18.sty
Package: pgfcomp-version-1-18 2025-08-29 v3.1.11a (3.1.11a)
))
(C:\Users\PMLS\AppData\Local\Programs\MiKTeX\tex/latex/pgf/utilities\pgffor.sty

(C:\Users\PMLS\AppData\Local\Programs\MiKTeX\tex/latex/pgf/utilities\pgfkeys.st
y
(C:\Users\PMLS\AppData\Local\Programs\MiKTeX\tex/generic/pgf/utilities\pgfkeys.
code.tex))
(C:\Users\PMLS\AppData\Local\Programs\MiKTeX\tex/latex/pgf/math\pgfmath.sty
(C:\Users\PMLS\AppData\Local\Programs\MiKTeX\tex/generic/pgf/math\pgfmath.code.
tex))
(C:\Users\PMLS\AppData\Local\Programs\MiKTeX\tex/generic/pgf/utilities\pgffor.c
ode.tex
Package: pgffor 2025-08-29 v3.1.11a (3.1.11a)
\pgffor@iter=\dimen279
\pgffor@skip=\dimen280
\pgffor@stack=\toks33
\pgffor@toks=\toks34
))
(C:\Users\PMLS\AppData\Local\Programs\MiKTeX\tex/generic/pgf/frontendlayer/tikz
\tikz.code.tex
Package: tikz 2025-08-29 v3.1.11a (3.1.11a)

(C:\Users\PMLS\AppData\Local\Programs\MiKTeX\tex/generic/pgf/libraries\pgflibra
ryplothandlers.code.tex
File: pgflibraryplothandlers.code.tex 2025-08-29 v3.1.11a (3.1.11a)
\pgf@plot@mark@count=\count320
\pgfplotmarksize=\dimen281
)
\tikz@lastx=\dimen282
\tikz@lasty=\dimen283
\tikz@lastxsaved=\dimen284
\tikz@lastysaved=\dimen285
\tikz@lastmovetox=\dimen286
\tikz@lastmovetoy=\dimen287
\tikzleveldistance=\dimen288
\tikzsiblingdistance=\dimen289
\tikz@figbox=\box63
\tikz@figbox@bg=\box64
\tikz@tempbox=\box65
\tikz@tempbox@bg=\box66
\tikztreelevel=\count321
\tikznumberofchildren=\count322
\tikznumberofcurrentchild=\count323
\tikz@fig@count=\count324

(C:\Users\PMLS\AppData\Local\Programs\MiKTeX\tex/generic/pgf/modules\pgfmodulem
atrix.code.tex
File: pgfmodulematrix.code.tex 2025-08-29 v3.1.11a (3.1.11a)
\pgfmatrixcurrentrow=\count325
\pgfmatrixcurrentcolumn=\count326
\pgf@matrix@numberofcolumns=\count327
)
\tikz@expandcount=\count328

(C:\Users\PMLS\AppData\Local\Programs\MiKTeX\tex/generic/pgf/frontendlayer/tikz
/libraries\tikzlibrarytopaths.code.tex
File: tikzlibrarytopaths.code.tex 2025-08-29 v3.1.11a (3.1.11a)
)))
(C:\Users\PMLS\AppData\Local\Programs\MiKTeX\tex/generic/pgf/frontendlayer/tikz
/libraries\tikzlibraryshapes.geometric.code.tex
File: tikzlibraryshapes.geometric.code.tex 2025-08-29 v3.1.11a (3.1.11a)

(C:\Users\PMLS\AppData\Local\Programs\MiKTeX\tex/generic/pgf/libraries/shapes\p
gflibraryshapes.geometric.code.tex
File: pgflibraryshapes.geometric.code.tex 2025-08-29 v3.1.11a (3.1.11a)
))
(C:\Users\PMLS\AppData\Local\Programs\MiKTeX\tex/generic/pgf/frontendlayer/tikz
/libraries\tikzlibrarypositioning.code.tex
File: tikzlibrarypositioning.code.tex 2025-08-29 v3.1.11a (3.1.11a)
)
(C:\Users\PMLS\AppData\Local\Programs\MiKTeX\tex/generic/pgf/libraries\pgflibra
ryarrows.meta.code.tex
File: pgflibraryarrows.meta.code.tex 2025-08-29 v3.1.11a (3.1.11a)
\pgfarrowinset=\dimen290
\pgfarrowlength=\dimen291
\pgfarrowwidth=\dimen292
\pgfarrowlinewidth=\dimen293
)
(C:\Users\PMLS\AppData\Local\Programs\MiKTeX\tex/generic/pgf/frontendlayer/tikz
/libraries\tikzlibrarycalc.code.tex
File: tikzlibrarycalc.code.tex 2025-08-29 v3.1.11a (3.1.11a)
)
(C:\Users\PMLS\AppData\Local\Programs\MiKTeX\tex/latex/dashrule\dashrule.sty
Package: dashrule 2013/03/28 v1.3 Dashed rules

(C:\Users\PMLS\AppData\Local\Programs\MiKTeX\tex/latex/ifmtarg\ifmtarg.sty
Package: ifmtarg 2018/04/16 v1.2b check for an empty argument
)
\c@hdr@segments=\count329
)
(C:\Users\PMLS\AppData\Local\Programs\MiKTeX\tex/latex/float\float.sty
Package: float 2001/11/08 v1.3d Float enhancements (AL)
\c@float@type=\count330
\float@exts=\toks35
\float@box=\box67
\@float@everytoks=\toks36
\@floatcapt=\box68
)
(C:\Users\PMLS\AppData\Local\Programs\MiKTeX\tex/latex/setspace\setspace.sty
Package: setspace 2022/12/04 v6.7b set line spacing
)
(C:\Users\PMLS\AppData\Local\Programs\MiKTeX\tex/latex/titling\titling.sty
Package: titling 2009/09/04 v2.1d maketitle typesetting
\thanksmarkwidth=\skip117
\thanksmargin=\skip118
\droptitle=\skip119
)
(C:\Users\PMLS\AppData\Local\Programs\MiKTeX\tex/latex/titlesec\titlesec.sty
Package: titlesec 2025/01/04 v2.17 Sectioning titles
\ttl@box=\box69
\beforetitleunit=\skip120
\aftertitleunit=\skip121
\ttl@plus=\dimen294
\ttl@minus=\dimen295
\ttl@toksa=\toks37
\titlewidth=\dimen296
\titlewidthlast=\dimen297
\titlewidthfirst=\dimen298
)
(C:\Users\PMLS\AppData\Local\Programs\MiKTeX\tex/latex/algorithms\algorithm.sty
Package: algorithm 2009/08/24 v0.1 Document Style `algorithm' - floating enviro
nment
(C:\Users\PMLS\AppData\Local\Programs\MiKTeX\tex/latex/base\ifthen.sty
Package: ifthen 2024/03/16 v1.1e Standard LaTeX ifthen package (DPC)
)
\@float@every@algorithm=\toks38
\c@algorithm=\count331
)
(C:\Users\PMLS\AppData\Local\Programs\MiKTeX\tex/latex/algorithmicx\algpseudoco
de.sty
Package: algpseudocode 

(C:\Users\PMLS\AppData\Local\Programs\MiKTeX\tex/latex/algorithmicx\algorithmic
x.sty
Package: algorithmicx 2005/04/27 v1.2 Algorithmicx

Document Style algorithmicx 1.2 - a greatly improved `algorithmic' style
\c@ALG@line=\count332
\c@ALG@rem=\count333
\c@ALG@nested=\count334
\ALG@tlm=\skip122
\ALG@thistlm=\skip123
\c@ALG@Lnr=\count335
\c@ALG@blocknr=\count336
\c@ALG@storecount=\count337
\c@ALG@tmpcounter=\count338
\ALG@tmplength=\skip124
)
Document Style - pseudocode environments for use with the `algorithmicx' style
) (C:\Users\PMLS\AppData\Local\Programs\MiKTeX\tex/latex/amsmath\amsmath.sty
Package: amsmath 2025/07/09 v2.17z AMS math features
\@mathmargin=\skip125

For additional information on amsmath, use the `?' option.
(C:\Users\PMLS\AppData\Local\Programs\MiKTeX\tex/latex/amsmath\amstext.sty
Package: amstext 2024/11/17 v2.01 AMS text

(C:\Users\PMLS\AppData\Local\Programs\MiKTeX\tex/latex/amsmath\amsgen.sty
File: amsgen.sty 1999/11/30 v2.0 generic functions
\@emptytoks=\toks39
\ex@=\dimen299
))
(C:\Users\PMLS\AppData\Local\Programs\MiKTeX\tex/latex/amsmath\amsbsy.sty
Package: amsbsy 1999/11/29 v1.2d Bold Symbols
\pmbraise@=\dimen300
)
(C:\Users\PMLS\AppData\Local\Programs\MiKTeX\tex/latex/amsmath\amsopn.sty
Package: amsopn 2022/04/08 v2.04 operator names
)
\inf@bad=\count339
LaTeX Info: Redefining \frac on input line 233.
\uproot@=\count340
\leftroot@=\count341
LaTeX Info: Redefining \overline on input line 398.
LaTeX Info: Redefining \colon on input line 409.
\classnum@=\count342
\DOTSCASE@=\count343
LaTeX Info: Redefining \ldots on input line 495.
LaTeX Info: Redefining \dots on input line 498.
LaTeX Info: Redefining \cdots on input line 619.
\Mathstrutbox@=\box70
\strutbox@=\box71
LaTeX Info: Redefining \big on input line 721.
LaTeX Info: Redefining \Big on input line 722.
LaTeX Info: Redefining \bigg on input line 723.
LaTeX Info: Redefining \Bigg on input line 724.
\big@size=\dimen301
LaTeX Font Info:    Redeclaring font encoding OML on input line 742.
LaTeX Font Info:    Redeclaring font encoding OMS on input line 743.
\macc@depth=\count344
LaTeX Info: Redefining \bmod on input line 904.
LaTeX Info: Redefining \pmod on input line 909.
LaTeX Info: Redefining \smash on input line 939.
LaTeX Info: Redefining \relbar on input line 969.
LaTeX Info: Redefining \Relbar on input line 970.
\c@MaxMatrixCols=\count345
\dotsspace@=\muskip18
\c@parentequation=\count346
\dspbrk@lvl=\count347
\tag@help=\toks40
\row@=\count348
\column@=\count349
\maxfields@=\count350
\andhelp@=\toks41
\eqnshift@=\dimen302
\alignsep@=\dimen303
\tagshift@=\dimen304
\tagwidth@=\dimen305
\totwidth@=\dimen306
\lineht@=\dimen307
\@envbody=\toks42
\multlinegap=\skip126
\multlinetaggap=\skip127
\mathdisplay@stack=\toks43
LaTeX Info: Redefining \[ on input line 2950.
LaTeX Info: Redefining \] on input line 2951.
)
(C:\Users\PMLS\AppData\Local\Programs\MiKTeX\tex/latex/l3backend\l3backend-pdft
ex.def
File: l3backend-pdftex.def 2025-10-09 L3 backend support: PDF output (pdfTeX)
\l__color_backend_stack_int=\count351
) (main.aux)
\openout1 = `main.aux'.

LaTeX Font Info:    Checking defaults for OML/cmm/m/it on input line 66.
LaTeX Font Info:    ... okay on input line 66.
LaTeX Font Info:    Checking defaults for OMS/cmsy/m/n on input line 66.
LaTeX Font Info:    ... okay on input line 66.
LaTeX Font Info:    Checking defaults for OT1/cmr/m/n on input line 66.
LaTeX Font Info:    ... okay on input line 66.
LaTeX Font Info:    Checking defaults for T1/cmr/m/n on input line 66.
LaTeX Font Info:    ... okay on input line 66.
LaTeX Font Info:    Checking defaults for TS1/cmr/m/n on input line 66.
LaTeX Font Info:    ... okay on input line 66.
LaTeX Font Info:    Checking defaults for OMX/cmex/m/n on input line 66.
LaTeX Font Info:    ... okay on input line 66.
LaTeX Font Info:    Checking defaults for U/cmr/m/n on input line 66.
LaTeX Font Info:    ... okay on input line 66.
LaTeX Font Info:    Checking defaults for PD1/pdf/m/n on input line 66.
LaTeX Font Info:    ... okay on input line 66.
LaTeX Font Info:    Checking defaults for PU/pdf/m/n on input line 66.
LaTeX Font Info:    ... okay on input line 66.

*geometry* driver: auto-detecting
*geometry* detected driver: pdftex
*geometry* verbose mode - [ preamble ] result:
* driver: pdftex
* paper: a4paper
* layout: <same size as paper>
* layoutoffset:(h,v)=(0.0pt,0.0pt)
* modes: 
* h-part:(L,W,R)=(50.58878pt, 496.33032pt, 50.58878pt)
* v-part:(T,H,B)=(108.405pt, 649.91808pt, 86.72377pt)
* \paperwidth=597.50787pt
* \paperheight=845.04684pt
* \textwidth=496.33032pt
* \textheight=649.91808pt
* \oddsidemargin=-21.68121pt
* \evensidemargin=-21.68121pt
* \topmargin=-14.99998pt
* \headheight=15.0pt
* \headsep=36.135pt
* \topskip=12.0pt
* \footskip=36.135pt
* \marginparwidth=44.0pt
* \marginparsep=10.0pt
* \columnsep=10.0pt
* \skip\footins=10.8pt plus 4.0pt minus 2.0pt
* \hoffset=0.0pt
* \voffset=0.0pt
* \mag=1000
* \@twocolumnfalse
* \@twosidefalse
* \@mparswitchfalse
* \@reversemarginfalse
* (1in=72.27pt=25.4mm, 1cm=28.453pt)

Package hyperref Info: Link coloring OFF on input line 66.
(main.out) (main.out)
\@outlinefile=\write4
\openout4 = `main.out'.


(C:\Users\PMLS\AppData\Local\Programs\MiKTeX\tex/context/base/mkii\supp-pdf.mki
i
[Loading MPS to PDF converter (version 2006.09.02).]
\scratchcounter=\count352
\scratchdimen=\dimen308
\scratchbox=\box72
\nofMPsegments=\count353
\nofMParguments=\count354
\everyMPshowfont=\toks44
\MPscratchCnt=\count355
\MPscratchDim=\dimen309
\MPnumerator=\count356
\makeMPintoPDFobject=\count357
\everyMPtoPDFconversion=\toks45
)
(C:\Users\PMLS\AppData\Local\Programs\MiKTeX\tex/latex/epstopdf-pkg\epstopdf-ba
se.sty
Package: epstopdf-base 2020-01-24 v2.11 Base part for package epstopdf
 (C:\Users\PMLS\AppData\Local\Programs\MiKTeX\tex/latex/grfext\grfext.sty
Package: grfext 2019/12/03 v1.3 Manage graphics extensions (HO)
)
Package epstopdf-base Info: Redefining graphics rule for `.eps' on input line 4
85.
Package grfext Info: Graphics extension search list:
(grfext)             [.pdf,.png,.jpg,.mps,.jpeg,.jbig2,.jb2,.PDF,.PNG,.JPG,.JPE
G,.JBIG2,.JB2,.eps]
(grfext)             \AppendGraphicsExtensions on input line 504.

(C:\Users\PMLS\AppData\Local\Programs\MiKTeX\tex/latex/00miktex\epstopdf-sys.cf
g
File: epstopdf-sys.cfg 2021/03/18 v2.0 Configuration of epstopdf for MiKTeX
)) (title.tex
<logo.png, id=612, 157.33781pt x 152.06813pt>
File: logo.png Graphic file (type png)
<use logo.png>
Package pdftex.def Info: logo.png  used on input line 12.
(pdftex.def)             Requested size: 148.9006pt x 143.92093pt.
 [1

{C:/Users/PMLS/AppData/Local/MiKTeX/fonts/map/pdftex/pdftex.map} <./logo.png>])
 (dedication.tex [1]) (acknowledgement.tex [2])
(certificate.tex [3]) (plagiarism.tex [4]) (executive_summary.tex [5])
(abbreviations.tex)
Underfull \hbox (badness 10000) in paragraph at lines 42--81

 []

[6] (main.toc [7] [8] [9])
\tf@toc=\write5
\openout5 = `main.toc'.

 [10] (main.lot)
\tf@lot=\write6
\openout6 = `main.lot'.

 [11] (main.lof)
\tf@lof=\write7
\openout7 = `main.lof'.

 [12]
(ch_1_introduction.tex
Chapter 1.

LaTeX Font Warning: Font shape `OT1/cmr/bx/n' in size <18> not available
(Font)              size <17.28> substituted on input line 5.


pdfTeX warning (ext4): destination with the same identifier (name{page.1}) has 
been already used, duplicate ignored
<to be read again> 
                   \relax 
l.34 
      [1


]
Underfull \hbox (badness 10000) in paragraph at lines 107--107
[]|\OT1/cmr/bx/n/12 Application
 []


Underfull \hbox (badness 10000) in paragraph at lines 107--107
[]|\OT1/cmr/m/n/12 Moodle Feed-
 []


Underfull \hbox (badness 3701) in paragraph at lines 107--107
[]\OT1/cmr/m/n/12 AI-generated teach-ing im-prove-
 []


Underfull \hbox (badness 10000) in paragraph at lines 107--107
[]\OT1/cmr/m/n/12 SMTP-based au-to-mated email
 []


Underfull \hbox (badness 10000) in paragraph at lines 107--107
[]\OT1/cmr/m/n/12 TextBlob-based feed-back text
 []

[2] [3
pdfTeX warning (ext4): destination with the same identifier (name{table.1.1}) h
as been already used, duplicate ignored
<argument> ...shipout:D \box_use:N \l_shipout_box 
                                                  \__shipout_drop_firstpage_...
l.131     \item S
                 oftware Design Document (SDD) – A detailed design documen...
] [4]
Underfull \hbox (badness 4967) in paragraph at lines 204--204
[]|\OT1/cmr/m/n/12 HTML5 / CSS3 /
 []

[5
pdfTeX warning (ext4): destination with the same identifier (name{table.1.2}) h
as been already used, duplicate ignored
<argument> ...shipout:D \box_use:N \l_shipout_box 
                                                  \__shipout_drop_firstpage_...
l.217 \subsection{Programming Fundamentals}
                                           ] [6]) (ch_2_problem_definition.tex
[7]
Chapter 2.
[8

] [9] [10] [11]) (ch_3_requirements.tex [12]
Chapter 3.

Overfull \hbox (11.71718pt too wide) in paragraph at lines 11--12
\OT1/cmr/m/n/12 This chap-ter presents a struc-tured and for-mal spec-i-fi-ca-t
ion of sys-tem re-quire-ments for the TechAware
 []


Underfull \hbox (badness 10000) in paragraph at lines 55--55
[]|\OT1/cmr/bx/n/12 Technical
 []

[13

]
Overfull \hbox (5.35498pt too wide) in paragraph at lines 117--117
 [][]\OT1/cmr/m/n/10.95 Administrator 
 []

[14
pdfTeX warning (ext4): destination with the same identifier (name{table.3.1}) h
as been already used, duplicate ignored
<argument> ...shipout:D \box_use:N \l_shipout_box 
                                                  \__shipout_drop_firstpage_...
l.121 
      ] [15
pdfTeX warning (ext4): destination with the same identifier (name{figure.3.1}) 
has been already used, duplicate ignored
<argument> ...shipout:D \box_use:N \l_shipout_box 
                                                  \__shipout_drop_firstpage_...
l.170 
      ] [16
pdfTeX warning (ext4): destination with the same identifier (name{table.3.2}) h
as been already used, duplicate ignored
<argument> ...shipout:D \box_use:N \l_shipout_box 
                                                  \__shipout_drop_firstpage_...
l.206 
      ] [17
pdfTeX warning (ext4): destination with the same identifier (name{table.3.3}) h
as been already used, duplicate ignored
<argument> ...shipout:D \box_use:N \l_shipout_box 
                                                  \__shipout_drop_firstpage_...
l.240 
      ] [18
pdfTeX warning (ext4): destination with the same identifier (name{table.3.4}) h
as been already used, duplicate ignored
<argument> ...shipout:D \box_use:N \l_shipout_box 
                                                  \__shipout_drop_firstpage_...
l.283 
      
pdfTeX warning (ext4): destination with the same identifier (name{table.3.5}) h
as been already used, duplicate ignored
<argument> ...shipout:D \box_use:N \l_shipout_box 
                                                  \__shipout_drop_firstpage_...
l.283 
      ] [19
pdfTeX warning (ext4): destination with the same identifier (name{table.3.6}) h
as been already used, duplicate ignored
<argument> ...shipout:D \box_use:N \l_shipout_box 
                                                  \__shipout_drop_firstpage_...
l.380 
      
pdfTeX warning (ext4): destination with the same identifier (name{table.3.7}) h
as been already used, duplicate ignored
<argument> ...shipout:D \box_use:N \l_shipout_box 
                                                  \__shipout_drop_firstpage_...
l.380 
      ] [20
pdfTeX warning (ext4): destination with the same identifier (name{table.3.8}) h
as been already used, duplicate ignored
<argument> ...shipout:D \box_use:N \l_shipout_box 
                                                  \__shipout_drop_firstpage_...
l.412 \item S
             EC-5: CSRF protection shall be implemented to prevent cross-sit...
] [21] [22]) (ch_4_SDD.tex [23
pdfTeX warning (ext4): destination with the same identifier (name{table.3.9}) h
as been already used, duplicate ignored
<argument> ...shipout:D \box_use:N \l_shipout_box 
                                                  \__shipout_drop_firstpage_...
l.1 \chapter
            {Software Design}]
Chapter 4.
[24

]
Overfull \hbox (17.44351pt too wide) in paragraph at lines 67--67
 [][]\OT1/cmr/m/n/10 feedback(session,data) 
 []


Overfull \hbox (4.5865pt too wide) in paragraph at lines 102--102
 \OT1/cmr/m/n/10.95 (HTML/CSS/JS) 
 []


Overfull \hbox (8.43242pt too wide) in paragraph at lines 102--102
 [][]\OT1/cmr/m/n/10 send[]email(payload) 
 []

[25
pdfTeX warning (ext4): destination with the same identifier (name{figure.4.1}) 
has been already used, duplicate ignored
<argument> ...shipout:D \box_use:N \l_shipout_box 
                                                  \__shipout_drop_firstpage_...
l.106 
      ]
Overfull \hbox (13.2144pt too wide) in paragraph at lines 115--116
\OT1/cmr/m/n/12 quests to Flask routes, which ex-e-cute busi-ness logic, in-ter
-act with the database through SQLAlchemy,
 []

[26
pdfTeX warning (ext4): destination with the same identifier (name{figure.4.2}) 
has been already used, duplicate ignored
<argument> ...shipout:D \box_use:N \l_shipout_box 
                                                  \__shipout_drop_firstpage_...
l.148 \end{figure}
                  ] [27]
Overfull \vbox (496.3765pt too high) has occurred while \output is active []


[28
pdfTeX warning (ext4): destination with the same identifier (name{figure.4.3}) 
has been already used, duplicate ignored
<argument> ...shipout:D \box_use:N \l_shipout_box 
                                                  \__shipout_drop_firstpage_...
l.149 
      ]
Overfull \hbox (17.80556pt too wide) in paragraph at lines 167--168
\OT1/cmr/m/n/12 tion. The ad-min se-lects an en-tity type, per-forms the de-sir
ed op-er-a-tion (Cre-ate/Read/Update/Delete),
 []


Overfull \hbox (56.55656pt too wide) in paragraph at lines 189--189
 [][][] 
 []


Overfull \hbox (16.86275pt too wide) in paragraph at lines 189--189
 [][][] 
 []


Overfull \hbox (8.35825pt too wide) in paragraph at lines 189--189
 [][][] 
 []

[29] [30
pdfTeX warning (ext4): destination with the same identifier (name{figure.4.4}) 
has been already used, duplicate ignored
<argument> ...shipout:D \box_use:N \l_shipout_box 
                                                  \__shipout_drop_firstpage_...
l.210 ...ubsection{Sequence Diagram -- User Login}
                                                  ]
Overfull \hbox (15.68857pt too wide) in paragraph at lines 229--229
 \OT1/cmr/m/n/10.95 gin(email,password) 
 []


Overfull \hbox (11.57018pt too wide) in paragraph at lines 258--258
 \OT1/cmr/m/n/10.95 mit[]feedback(data) 
 []


Overfull \hbox (15.93192pt too wide) in paragraph at lines 258--258
 [][]\OT1/cmr/m/n/10.95 polarity,subjectivity 
 []

[31
pdfTeX warning (ext4): destination with the same identifier (name{figure.4.5}) 
has been already used, duplicate ignored
<argument> ...shipout:D \box_use:N \l_shipout_box 
                                                  \__shipout_drop_firstpage_...
l.262 
      ] [32
pdfTeX warning (ext4): destination with the same identifier (name{figure.4.6}) 
has been already used, duplicate ignored
<argument> ...shipout:D \box_use:N \l_shipout_box 
                                                  \__shipout_drop_firstpage_...
l.286 
      ] [33
pdfTeX warning (ext4): destination with the same identifier (name{figure.4.7}) 
has been already used, duplicate ignored
<argument> ...shipout:D \box_use:N \l_shipout_box 
                                                  \__shipout_drop_firstpage_...
l.298 \section{Data Flow Diagrams}
                                  ] [34
pdfTeX warning (ext4): destination with the same identifier (name{figure.4.8}) 
has been already used, duplicate ignored
<argument> ...shipout:D \box_use:N \l_shipout_box 
                                                  \__shipout_drop_firstpage_...
l.365 
      ]
Overfull \hbox (6.51726pt too wide) in paragraph at lines 380--381
[]\OT1/cmr/m/n/12 The sys-tem uses SQLite re-la-tional database man-aged throug
h SQLAlchemy ORM. The database
 []

(erd_tikz.tex
Overfull \hbox (0.68507pt too wide) in paragraph at lines 51--51
 [][]\OT1/cmr/bx/n/10.95 Student[]Course 
 []


Overfull \hbox (6.95485pt too wide) in paragraph at lines 70--70
 [][]\OT1/cmr/m/n/10.95 password[]hash 
 []


Overfull \hbox (1.57114pt too wide) in paragraph at lines 140--140
 [][]\OT1/cmr/m/n/10.95 feedback[]text 
 []


Overfull \hbox (1.32777pt too wide) in paragraph at lines 143--143
 [][]\OT1/cmr/m/n/10.95 rating[]overall 
 []

) [35
pdfTeX warning (ext4): destination with the same identifier (name{figure.4.9}) 
has been already used, duplicate ignored
<argument> ...shipout:D \box_use:N \l_shipout_box 
                                                  \__shipout_drop_firstpage_...
l.395 
      ] [36
pdfTeX warning (ext4): destination with the same identifier (name{figure.4.10})
 has been already used, duplicate ignored
<argument> ...shipout:D \box_use:N \l_shipout_box 
                                                  \__shipout_drop_firstpage_...
l.418     \item \textbf
                       {ORM Abstraction}: SQLAlchemy provides database-agnos...
]
Overfull \hbox (2.47585pt too wide) in paragraph at lines 472--472
[]|\OT1/cmr/m/n/12 VARCHAR| 
 []


Overfull \hbox (2.47585pt too wide) in paragraph at lines 472--472
[]|\OT1/cmr/m/n/12 VARCHAR| 
 []


Overfull \hbox (2.47585pt too wide) in paragraph at lines 472--472
[]|\OT1/cmr/m/n/12 VARCHAR| 
 []


Overfull \hbox (2.47585pt too wide) in paragraph at lines 472--472
[]|\OT1/cmr/m/n/12 VARCHAR| 
 []


Underfull \hbox (badness 10000) in paragraph at lines 472--472
[]|\OT1/cmr/m/n/12 User role (ad-min, teacher, stu-dent,
 []


Overfull \hbox (7.53691pt too wide) in paragraph at lines 472--472
[]|\OT1/cmr/m/n/12 DATETIME| 
 []


Overfull \hbox (2.6453pt too wide) in paragraph at lines 472--472
[]|\OT1/cmr/m/n/12 BOOLEAN| 
 []


Overfull \hbox (2.47585pt too wide) in paragraph at lines 504--504
[]|\OT1/cmr/m/n/12 VARCHAR| 
 []


Overfull \hbox (2.47585pt too wide) in paragraph at lines 504--504
[]|\OT1/cmr/m/n/12 VARCHAR| 
 []


Overfull \hbox (7.53691pt too wide) in paragraph at lines 504--504
[]|\OT1/cmr/m/n/12 DATETIME| 
 []


Overfull \hbox (2.47585pt too wide) in paragraph at lines 504--504
[]|\OT1/cmr/m/n/12 VARCHAR| 
 []

[37
pdfTeX warning (ext4): destination with the same identifier (name{figure.4.11})
 has been already used, duplicate ignored
<argument> ...shipout:D \box_use:N \l_shipout_box 
                                                  \__shipout_drop_firstpage_...
l.506 
      
pdfTeX warning (ext4): destination with the same identifier (name{table.4.1}) h
as been already used, duplicate ignored
<argument> ...shipout:D \box_use:N \l_shipout_box 
                                                  \__shipout_drop_firstpage_...
l.506 
      ]
Underfull \hbox (badness 10000) in paragraph at lines 553--553
[]|\OT1/cmr/m/n/12 Unique, Not
 []


Overfull \hbox (0.7867pt too wide) in paragraph at lines 553--553
[]|\OT1/cmr/m/n/12 VARCHAR(120)| 
 []


Underfull \hbox (badness 10000) in paragraph at lines 553--553
[]|\OT1/cmr/m/n/12 Unique, Not
 []


Overfull \hbox (0.7867pt too wide) in paragraph at lines 553--553
[]|\OT1/cmr/m/n/12 VARCHAR(255)| 
 []


Underfull \hbox (badness 10000) in paragraph at lines 553--553
[]|\OT1/cmr/m/n/12 User role (ad-
 []

[38
pdfTeX warning (ext4): destination with the same identifier (name{table.4.2}) h
as been already used, duplicate ignored
<argument> ...shipout:D \box_use:N \l_shipout_box 
                                                  \__shipout_drop_firstpage_...
l.556 
      ] [39
pdfTeX warning (ext4): destination with the same identifier (name{table.4.3}) h
as been already used, duplicate ignored
<argument> ...shipout:D \box_use:N \l_shipout_box 
                                                  \__shipout_drop_firstpage_...
l.601     \item \textbf
                       {One-to-Many (1:N):} One Batch has many Sections; one...
]
Overfull \hbox (28.98534pt too wide) in paragraph at lines 615--616
[]\OT1/cmr/m/n/12 Password En-cryp-tion us-ing bcrypt hash-ing al-go-rithm thro
ugh Werkzeug's gen-er-ate[]password[]hash
 []


Overfull \hbox (8.173pt too wide) in paragraph at lines 631--632
[]\OT1/cmr/m/n/12 Database mi-gra-tion from SQLite to Post-greSQL or MySQL is s
up-ported through SQLAlchemy
 []

[40]) (ch_5_implementation.tex [41]
Chapter 5.
[42

] [43] [44]
Package hyperref Info: bookmark level for unknown algorithm defaults to 0 on in
put line 129.
 [45] [46]
LaTeX Font Info:    Trying to load font information for OMS+cmr on input line 2
28.

(C:\Users\PMLS\AppData\Local\Programs\MiKTeX\tex/latex/base\omscmr.fd
File: omscmr.fd 2024/11/19 v2.5n Standard LaTeX font definitions
)
LaTeX Font Info:    Font shape `OMS/cmr/m/n' in size <12> not available
(Font)              Font shape `OMS/cmsy/m/n' tried instead on input line 228.
 [47]
[48] [49] [50]
Underfull \hbox (badness 10000) in paragraph at lines 416--416
[]|\OT1/cmr/bx/n/12 API/SDK
 []


Underfull \hbox (badness 10000) in paragraph at lines 416--416
[]|\OT1/cmr/m/n/12 Feedback Col-lec-tion
 []


Underfull \hbox (badness 10000) in paragraph at lines 416--416
[]|\OT1/cmr/m/n/12 Email No-ti-fi-ca-tion
 []

[51]
Overfull \hbox (6.42973pt too wide) in paragraph at lines 425--428
\OT1/cmr/m/n/12 This sec-tion presents a de-tailed ex-pla-na-tion of all user i
n-ter-face screens de-vel-oped for the TechAware
 []


Overfull \hbox (8.70612pt too wide) in paragraph at lines 439--440
[]\OT1/cmr/m/n/12 Frontend tech-nolo-gies used in-clude HTML5 for se-man-tic st
ruc-ture, CSS3 with cus-tom stylesheets
 []

[52
pdfTeX warning (ext4): destination with the same identifier (name{table.5.1}) h
as been already used, duplicate ignored
<argument> ...shipout:D \box_use:N \l_shipout_box 
                                                  \__shipout_drop_firstpage_...
l.450 ...{Screen 1: Home and Student Login Screen}
                                                  ] [53] [54]
Overfull \hbox (9.93077pt too wide) in paragraph at lines 547--549
[]\OT1/cmr/bx/n/12 Backend In-te-gra-tion: \OT1/cmr/m/n/12 Each en-tity type ma
ps to ded-i-cated API end-points (\OT1/cmtt/m/n/12 /api/departments\OT1/cmr/m/n
/12 ,
 []


Overfull \hbox (110.3301pt too wide) in paragraph at lines 570--572
[]\OT1/cmr/bx/n/12 Functional Flow: \OT1/cmr/m/n/12 On page load, the dash-boar
d fetches student-specific data from \OT1/cmtt/m/n/12 /api/student/dashboard/da
ta\OT1/cmr/m/n/12 .
 []

[55]
Overfull \hbox (10.70831pt too wide) in paragraph at lines 625--625
 [][]\OT1/cmr/m/n/10.95 Authenticated? 
 []

[56
pdfTeX warning (ext4): destination with the same identifier (name{figure.5.1}) 
has been already used, duplicate ignored
<argument> ...shipout:D \box_use:N \l_shipout_box 
                                                  \__shipout_drop_firstpage_...
l.640 
      ] [57] [58] [59] [60] [61]
Underfull \hbox (badness 10000) in paragraph at lines 907--907
[]|\OT1/cmr/m/n/12 Local Flask
 []


Underfull \hbox (badness 10000) in paragraph at lines 907--907
\OT1/cmr/m/n/12 De-vel-op-ment
 []


Underfull \hbox (badness 10000) in paragraph at lines 907--907
[]|\OT1/cmr/m/n/12 Flask built-in server run-ning on
 []


Underfull \hbox (badness 2277) in paragraph at lines 907--907
\OT1/cmtt/m/n/12 http://127.0.0.1:5000 \OT1/cmr/m/n/12 with de-bug mode for de-

 []


Underfull \hbox (badness 10000) in paragraph at lines 907--907
[]|\OT1/cmr/m/n/12 SQLite (Lo-cal
 []

[62]
Overfull \hbox (25.00108pt too wide) in paragraph at lines 910--911
[]\OT1/cmr/m/n/12 Deployment steps in-clude in-stalling Python de-pen-den-cies 
via \OT1/cmtt/m/n/12 pip install -r requirements.txt\OT1/cmr/m/n/12 ,
 []

) (ch_6_testing.tex [63
pdfTeX warning (ext4): destination with the same identifier (name{table.5.2}) h
as been already used, duplicate ignored
<argument> ...shipout:D \box_use:N \l_shipout_box 
                                                  \__shipout_drop_firstpage_...
l.5 \chapter
            {Testing and Evaluation}]
Chapter 6.

Underfull \hbox (badness 10000) in paragraph at lines 47--47
[]|\OT1/cmr/bx/n/12 Expected
 []


Overfull \hbox (3.2443pt too wide) in paragraph at lines 47--47
[]|\OT1/cmr/bx/n/12 Status| 
 []


Underfull \hbox (badness 10000) in paragraph at lines 47--47
[]|\OT1/cmr/m/n/12 User Reg-is-
 []


Underfull \hbox (badness 10000) in paragraph at lines 47--47
[]|\OT1/cmr/m/n/12 User record
 []


Underfull \hbox (badness 10000) in paragraph at lines 47--47
\OT1/cmr/m/n/12 cre-ated in
 []


Underfull \hbox (badness 10000) in paragraph at lines 47--47
\OT1/cmr/m/n/12 database
 []


Underfull \hbox (badness 10000) in paragraph at lines 47--47
\OT1/cmr/m/n/12 with hashed
 []


Underfull \hbox (badness 10000) in paragraph at lines 47--47
[]|\OT1/cmr/m/n/12 Password
 []


Underfull \hbox (badness 10000) in paragraph at lines 47--47
[]|\OT1/cmr/m/n/12 Password
 []


Underfull \hbox (badness 10000) in paragraph at lines 47--47
\OT1/cmr/m/n/12 stored as
 []


Underfull \hbox (badness 3557) in paragraph at lines 47--47
\OT1/cmr/m/n/12 bcrypt hash,
 []


Overfull \hbox (87.6892pt too wide) in paragraph at lines 47--47
\OT1/cmtt/m/n/12 check[]password(``mypass'')
 []


Underfull \hbox (badness 10000) in paragraph at lines 47--47
[]|\OT1/cmr/m/n/12 User au-
 []


Underfull \hbox (badness 10000) in paragraph at lines 47--47
\OT1/cmr/m/n/12 then-ti-cated,
 []


Underfull \hbox (badness 10000) in paragraph at lines 47--47
\OT1/cmr/m/n/12 ses-sion cre-
 []


Overfull \hbox (5.89093pt too wide) in paragraph at lines 47--47
[]|\OT1/cmr/m/n/12 Authentication
 []


Underfull \hbox (badness 10000) in paragraph at lines 47--47
\OT1/cmr/m/n/12 fails, er-ror
 []


Underfull \hbox (badness 5878) in paragraph at lines 47--47
\OT1/cmr/m/n/12 mes-sage dis-
 []


Underfull \hbox (badness 10000) in paragraph at lines 47--47
\OT1/cmr/m/n/12 played, no
 []


Underfull \hbox (badness 10000) in paragraph at lines 47--47
\OT1/cmr/m/n/12 ses-sion cre-
 []


Underfull \hbox (badness 10000) in paragraph at lines 47--47
[]|\OT1/cmr/m/n/12 Feedback
 []


Underfull \hbox (badness 4886) in paragraph at lines 47--47
\OT1/cmr/m/n/12 Text Val-i-da-
 []


Underfull \hbox (badness 10000) in paragraph at lines 47--47
[]|\OT1/cmr/m/n/12 Validation
 []


Underfull \hbox (badness 10000) in paragraph at lines 47--47
\OT1/cmr/m/n/12 back text
 []


Underfull \hbox (badness 6284) in paragraph at lines 47--47
\OT1/cmr/m/n/12 must be at
 []


Underfull \hbox (badness 10000) in paragraph at lines 47--47
[]|\OT1/cmr/m/n/12 Sentiment
 []


Underfull \hbox (badness 10000) in paragraph at lines 47--47
[]|\OT1/cmr/m/n/12 Polarity $\OML/cmm/m/it/12 >$
 []


Underfull \hbox (badness 10000) in paragraph at lines 47--47
\OT1/cmr/m/n/12 0.1, Sen-
 []


Underfull \hbox (badness 10000) in paragraph at lines 47--47
\OT1/cmr/m/n/12 ti-ment =
 []


Underfull \hbox (badness 10000) in paragraph at lines 47--47
\OT1/cmr/m/n/12 ``Un-der-
 []


Underfull \hbox (badness 10000) in paragraph at lines 47--47
[]|\OT1/cmr/m/n/12 Sentiment
 []


Underfull \hbox (badness 10000) in paragraph at lines 47--47
[]|\OT1/cmr/m/n/12 Polarity $\OML/cmm/m/it/12 <$
 []


Underfull \hbox (badness 10000) in paragraph at lines 47--47
\OT1/cmr/m/n/12 --0.1, Sen-ti-
 []


Underfull \hbox (badness 10000) in paragraph at lines 47--47
[]|\OT1/cmr/m/n/12 Sentiment
 []


Underfull \hbox (badness 1394) in paragraph at lines 47--47
[]|$\OMS/cmsy/m/n/12 ^^@\OT1/cmr/m/n/12 0\OML/cmm/m/it/12 :\OT1/cmr/m/n/12 1 \O
MS/cmsy/m/n/12 ^^T$ \OT1/cmr/m/n/12 Po-
 []


Underfull \hbox (badness 3657) in paragraph at lines 47--47
\OT1/cmr/m/n/12 Sen-ti-ment =
 []

[64

]
Underfull \hbox (badness 10000) in paragraph at lines 72--72
[]|\OT1/cmr/bx/n/12 Expected
 []


Overfull \hbox (3.2443pt too wide) in paragraph at lines 72--72
[]|\OT1/cmr/bx/n/12 Status| 
 []


Underfull \hbox (badness 10000) in paragraph at lines 72--72
[]|\OT1/cmr/m/n/12 Frontend
 []


Underfull \hbox (badness 10000) in paragraph at lines 72--72
\OT1/cmr/m/n/12 to Back-end
 []


Underfull \hbox (badness 10000) in paragraph at lines 72--72
[]|\OT1/cmr/m/n/12 Feedback
 []


Underfull \hbox (badness 10000) in paragraph at lines 72--72
\OT1/cmr/m/n/12 stored in
 []


Underfull \hbox (badness 10000) in paragraph at lines 72--72
\OT1/cmr/m/n/12 database
 []


Underfull \hbox (badness 10000) in paragraph at lines 72--72
\OT1/cmr/m/n/12 with sen-ti-
 []


Underfull \hbox (badness 10000) in paragraph at lines 72--72
\OT1/cmr/m/n/12 re-sults.
 []


Underfull \hbox (badness 10000) in paragraph at lines 72--72
\OT1/cmr/m/n/12 JSON re-
 []


Underfull \hbox (badness 10000) in paragraph at lines 72--72
\OT1/cmr/m/n/12 sponse with
 []


Underfull \hbox (badness 10000) in paragraph at lines 72--72
\OT1/cmr/m/n/12 sen-ti-ment,
 []


Underfull \hbox (badness 1365) in paragraph at lines 72--72
\OT1/cmr/m/n/12 po-lar-ity, and
 []


Underfull \hbox (badness 10000) in paragraph at lines 72--72
\OT1/cmr/m/n/12 sug-ges-tions
 []


Underfull \hbox (badness 10000) in paragraph at lines 72--72
\OT1/cmr/m/n/12 re-turned to
 []


Underfull \hbox (badness 10000) in paragraph at lines 72--72
[]|\OT1/cmr/m/n/12 Backend to
 []


Underfull \hbox (badness 10000) in paragraph at lines 72--72
[]|\OT1/cmr/m/n/12 Department
 []


Underfull \hbox (badness 4001) in paragraph at lines 72--72
\OT1/cmr/m/n/12 record ex-ists
 []


Underfull \hbox (badness 10000) in paragraph at lines 72--72
\OT1/cmr/m/n/12 in database
 []


Underfull \hbox (badness 10000) in paragraph at lines 72--72
\OT1/cmr/m/n/12 with cor-rect
 []


Underfull \hbox (badness 10000) in paragraph at lines 72--72
\OT1/cmr/m/n/12 at-tributes.
 []


Underfull \hbox (badness 10000) in paragraph at lines 72--72
\OT1/cmr/m/n/12 Re-trieve via
 []


Underfull \hbox (badness 10000) in paragraph at lines 72--72
\OT1/cmr/m/n/12 API re-turns
 []


Underfull \hbox (badness 10000) in paragraph at lines 72--72
\OT1/cmr/m/n/12 match-ing
 []


Underfull \hbox (badness 10000) in paragraph at lines 72--72
[]|\OT1/cmr/m/n/12 Feedback to
 []


Underfull \hbox (badness 10000) in paragraph at lines 72--72
[]|\OT1/cmr/m/n/12 Email sent
 []


Underfull \hbox (badness 10000) in paragraph at lines 72--72
\OT1/cmr/m/n/12 via SMTP
 []


Underfull \hbox (badness 10000) in paragraph at lines 72--72
\OT1/cmr/m/n/12 with feed-
 []


Underfull \hbox (badness 4752) in paragraph at lines 72--72
\OT1/cmr/m/n/12 back de-tails,
 []


Underfull \hbox (badness 10000) in paragraph at lines 72--72
\OT1/cmr/m/n/12 sen-ti-ment
 []


Underfull \hbox (badness 10000) in paragraph at lines 72--72
\OT1/cmr/m/n/12 sug-ges-tions.
 []


Underfull \hbox (badness 10000) in paragraph at lines 72--72
\OT1/cmr/m/n/12 Teacher re-
 []


Underfull \hbox (badness 10000) in paragraph at lines 72--72
[]|\OT1/cmr/m/n/12 Dashboard
 []


Underfull \hbox (badness 10000) in paragraph at lines 72--72
[]|\OT1/cmr/m/n/12 Load teacher dash-board. Ver-ify
 []


Underfull \hbox (badness 10000) in paragraph at lines 72--72
\OT1/cmtt/m/n/12 /get[]feedback[]summary \OT1/cmr/m/n/12 API re-turns
 []


Underfull \hbox (badness 10000) in paragraph at lines 72--72
[]|\OT1/cmr/m/n/12 JSON re-
 []


Underfull \hbox (badness 10000) in paragraph at lines 72--72
\OT1/cmr/m/n/12 sponse con-
 []


Underfull \hbox (badness 4752) in paragraph at lines 72--72
\OT1/cmr/m/n/12 tains cor-rect
 []


Underfull \hbox (badness 10000) in paragraph at lines 72--72
\OT1/cmr/m/n/12 statis-tics
 []


Underfull \hbox (badness 10000) in paragraph at lines 72--72
\OT1/cmr/m/n/12 (un-der-stood,
 []


Underfull \hbox (badness 10000) in paragraph at lines 72--72
\OT1/cmr/m/n/12 not un-der-
 []


Underfull \hbox (badness 10000) in paragraph at lines 72--72
\OT1/cmr/m/n/12 stood, neu-
 []


Underfull \hbox (badness 6995) in paragraph at lines 72--72
\OT1/cmr/m/n/12 tral counts),
 []


Underfull \hbox (badness 10000) in paragraph at lines 72--72
\OT1/cmr/m/n/12 match-ing
 []


Underfull \hbox (badness 10000) in paragraph at lines 72--72
\OT1/cmr/m/n/12 database
 []

[65
pdfTeX warning (ext4): destination with the same identifier (name{table.6.1}) h
as been already used, duplicate ignored
<argument> ...shipout:D \box_use:N \l_shipout_box 
                                                  \__shipout_drop_firstpage_...
l.73 \end{table}
                ] [66]
Overfull \vbox (12.14844pt too high) has occurred while \output is active []


[67
pdfTeX warning (ext4): destination with the same identifier (name{table.6.2}) h
as been already used, duplicate ignored
<argument> ...shipout:D \box_use:N \l_shipout_box 
                                                  \__shipout_drop_firstpage_...
l.74 
     ]
Overfull \hbox (3.2443pt too wide) in paragraph at lines 121--121
[]|\OT1/cmr/bx/n/12 Status| 
 []


Underfull \hbox (badness 10000) in paragraph at lines 121--121
[]|\OT1/cmr/m/n/12 Feedback Sub-
 []


Underfull \hbox (badness 10000) in paragraph at lines 121--121
[]|\OT1/cmr/m/n/12 PDF Ex-port
 []


Underfull \hbox (badness 4954) in paragraph at lines 121--121
[]|\OT1/cmr/m/n/12 Email No-ti-fi-ca-
 []


Underfull \hbox (badness 10000) in alignment at lines 121--121
[][][][][] 
 []

[68] [69
pdfTeX warning (ext4): destination with the same identifier (name{table.6.3}) h
as been already used, duplicate ignored
<argument> ...shipout:D \box_use:N \l_shipout_box 
                                                  \__shipout_drop_firstpage_...
l.171 
      ]
Underfull \hbox (badness 10000) in paragraph at lines 218--218
[]|\OT1/cmr/bx/n/12 UAT
 []


Underfull \hbox (badness 10000) in paragraph at lines 218--218
[]|\OT1/cmr/m/n/12 Feedback form is in-tu-itive;
 []


Underfull \hbox (badness 2617) in paragraph at lines 218--218
[]|\OT1/cmr/m/n/12 Dashboard loads quickly and
 []


Underfull \hbox (badness 2547) in paragraph at lines 218--218
[]|\OT1/cmr/m/n/12 Suggested a search/filter fea-
 []


Underfull \hbox (badness 1286) in paragraph at lines 218--218
[]|\OT1/cmr/m/n/12 Added search func-tion-al-ity to
 []

[70
pdfTeX warning (ext4): destination with the same identifier (name{table.6.4}) h
as been already used, duplicate ignored
<argument> ...shipout:D \box_use:N \l_shipout_box 
                                                  \__shipout_drop_firstpage_...
l.220 
      ]
Underfull \hbox (badness 10000) in paragraph at lines 253--253
[]|\OT1/cmr/m/n/12 78% Ac-cu-
 []


Underfull \hbox (badness 10000) in alignment at lines 253--253
[][][][] 
 []

[71
pdfTeX warning (ext4): destination with the same identifier (name{table.6.5}) h
as been already used, duplicate ignored
<argument> ...shipout:D \box_use:N \l_shipout_box 
                                                  \__shipout_drop_firstpage_...
l.255 
      ]) (ch_7_conclusion.tex [72
pdfTeX warning (ext4): destination with the same identifier (name{table.6.6}) h
as been already used, duplicate ignored
<argument> ...shipout:D \box_use:N \l_shipout_box 
                                                  \__shipout_drop_firstpage_...
l.5 \chapter
            {Conclusion and Future Work}]
Chapter 7.

Overfull \hbox (11.9783pt too wide) in paragraph at lines 21--22
[]\OT1/cmr/m/n/12 Real-time sen-ti-ment anal-y-sis achiev-ing 78% clas-si-fi-ca
-tion ac-cu-racy on test data us-ing TextBlob. 
 []

[73

]) (main.bbl) [74]

Package hyperref Warning: The anchor of a bookmark and its parent's must not
(hyperref)                be the same. Added a new anchor on input line 127.

(ch_8_plagiarismreport.tex) [75


] (ch_8.1_AI_report.tex) [76

]
(ch_9_appendix_source_code.tex

Package hyperref Warning: The anchor of a bookmark and its parent's must not
(hyperref)                be the same. Added a new anchor on input line 3.

[77

]) [78] (main.aux)
 ***********
LaTeX2e <2025-11-01>
L3 programming layer <2025-12-24>
 ***********


LaTeX Font Warning: Size substitutions with differences
(Font)              up to 0.72pt have occurred.

Package rerunfilecheck Info: File `main.out' has not changed.
(rerunfilecheck)             Checksum: 71298CBAA0A641F5E9269330C9FB895A;30938.
 ) 
Here is how much of TeX's memory you used:
 25057 strings out of 467871
 469640 string characters out of 5418861
 933417 words of memory out of 5000000
 53149 multiletter control sequences out of 15000+600000
 636461 words of font info for 70 fonts, out of 8000000 for 9000
 1141 hyphenation exceptions out of 8191
 102i,15n,107p,959b,878s stack positions out of 10000i,1000n,20000p,200000b,200000s
 <C:\Users\PMLS\AppData\Local\MiKTeX\fonts/pk/ljfour/jknappen/ec/dpi600\tctt1
200.pk> <C:\Users\PMLS\AppData\Local\MiKTeX\fonts/pk/ljfour/jknappen/ec/dpi600\
tcrm1200.pk><C:/Users/PMLS/AppData/Local/Programs/MiKTeX/fonts/type1/public/ams
fonts/cm/cmbx10.pfb><C:/Users/PMLS/AppData/Local/Programs/MiKTeX/fonts/type1/pu
blic/amsfonts/cm/cmbx12.pfb><C:/Users/PMLS/AppData/Local/Programs/MiKTeX/fonts/
type1/public/amsfonts/cm/cmcsc10.pfb><C:/Users/PMLS/AppData/Local/Programs/MiKT
eX/fonts/type1/public/amsfonts/cm/cmmi12.pfb><C:/Users/PMLS/AppData/Local/Progr
ams/MiKTeX/fonts/type1/public/amsfonts/cm/cmr10.pfb><C:/Users/PMLS/AppData/Loca
l/Programs/MiKTeX/fonts/type1/public/amsfonts/cm/cmr12.pfb><C:/Users/PMLS/AppDa
ta/Local/Programs/MiKTeX/fonts/type1/public/amsfonts/cm/cmsy10.pfb><C:/Users/PM
LS/AppData/Local/Programs/MiKTeX/fonts/type1/public/amsfonts/cm/cmti12.pfb><C:/
Users/PMLS/AppData/Local/Programs/MiKTeX/fonts/type1/public/amsfonts/cm/cmtt12.
pfb>
Output written on main.pdf (91 pages, 585629 bytes).
PDF statistics:
 1402 PDF objects out of 1440 (max. 8388607)
 328 named destinations out of 1000 (max. 500000)
 1242 words of extra memory for PDF output out of 10000 (max. 10000000)

